#
# A fatal error has been detected by the Java Runtime Environment:
#
#  SIGSEGV (0xb) at pc=0x00007fbae9d7237f, pid=22864, tid=140440782976768
#
# JRE version: Java(TM) SE Runtime Environment (7.0_51-b13) (build 1.7.0_51-b13)
# Java VM: Java HotSpot(TM) 64-Bit Server VM (24.51-b03 mixed mode linux-amd64 compressed oops)
# Problematic frame:
# C  [libusb-0.1.so.4+0x337f]  usb_fetch_and_parse_descriptors+0x5df
#
# Failed to write core dump. Core dumps have been disabled. To enable core dumping, try "ulimit -c unlimited" before starting Java again
#
# If you would like to submit a bug report, please visit:
#   http://bugreport.sun.com/bugreport/crash.jsp
# The crash happened outside the Java Virtual Machine in native code.
# See problematic frame for where to report the bug.
#

---------------  T H R E A D  ---------------

Current thread (0x00007fbaac08a000):  JavaThread "Thread-0" daemon [_thread_in_native, id=22882, stack(0x00007fbaeaeb3000,0x00007fbaeafb4000)]

siginfo:si_signo=SIGSEGV: si_errno=0, si_code=1 (SEGV_MAPERR), si_addr=0x0000000000000000

Registers:
RAX=0x0000000000000200, RBX=0x0000000000000000, RCX=0x0000000000000000, RDX=0x00007fbaeafb2510
RSP=0x00007fbaeafb2490, RBP=0x00007fbaeafb2550, RSI=0x0000000000004000, RDI=0x00007fbaeafb24f0
R8 =0x0000000000000000, R9 =0x000000005330d53f, R10=0x0000000000000000, R11=0x0000000000000000
R12=0x0000000000000003, R13=0x00007fbaeafb24d8, R14=0x0000000000004e20, R15=0x00007fbaac08a000
RIP=0x00007fbae9d7237f, EFLAGS=0x0000000000010283, CSGSFS=0x0000000000000033, ERR=0x0000000000000004
  TRAPNO=0x000000000000000e

Top of Stack: (sp=0x00007fbaeafb2490)
0x00007fbaeafb2490:   00000000e16e5f50 00007fbaeafb24e0
0x00007fbaeafb24a0:   00007fbaeafb2500 00007fbaeafb2510
0x00007fbaeafb24b0:   0000020000000000 00007fbab0006590
0x00007fbaeafb24c0:   0000000003820001 0000000000000000
0x00007fbaeafb24d0:   0000000000000000 0000000000000000
0x00007fbaeafb24e0:   0000003800000021 0000006e0000005c
0x00007fbaeafb24f0:   000000005330d553 000000000006d304
0x00007fbaeafb2500:   000000005330d53f 000000000006d1e4
0x00007fbaeafb2510:   0700ff9400008203 0000000000000200
0x00007fbaeafb2520:   00007fbab0006590 00007fbab0000020
0x00007fbaeafb2530:   0000000000000200 0000000000000200
0x00007fbaeafb2540:   0000000000000000 00007fbaeafb2580
0x00007fbaeafb2550:   0000000000000200 00007fbab0006590
0x00007fbaeafb2560:   0000000000000000 0000000000000700
0x00007fbaeafb2570:   00007fbaeafb25d0 00007fbb032c089f
0x00007fbaeafb2580:   00007fbaeafb25f0 00007fbab0006590
0x00007fbaeafb2590:   0000000000000000 00007fbb038f0000
0x00007fbaeafb25a0:   00007fbb038eba60 0000000000000700
0x00007fbaeafb25b0:   0000000000000200 0000000000000000
0x00007fbaeafb25c0:   00007fbaeafb2760 0000000000000000
0x00007fbaeafb25d0:   00007fbaeafb2600 000000009fa9e680
0x00007fbaeafb25e0:   00007fbaeafb2640 0000000000000000
0x00007fbaeafb25f0:   000000009fa9e680 00007fbaeafb2760
0x00007fbaeafb2600:   00007fbaac08a000 00007fbae9f79259
0x00007fbaeafb2610:   000000009fa65578 000002009fa9e680
0x00007fbaeafb2620:   00007fbab0006590 0000000000000000
0x00007fbaeafb2630:   00007fbaeafb2760 00007fbaac08a000
0x00007fbaeafb2640:   00007fbaeafb2690 00007fbae9f79662
0x00007fbaeafb2650:   0000000000000001 0000000000000200
0x00007fbaeafb2660:   00007fbaeafb2748 0000000000000000
0x00007fbaeafb2670:   00007fbaeafb2760 00007fbaac08a1e8
0x00007fbaeafb2680:   0000000000000000 00007fbab0006590 

Instructions: (pc=0x00007fbae9d7237f)
0x00007fbae9d7235f:   89 44 24 08 48 8d 44 24 70 48 89 44 24 10 8b 4c
0x00007fbae9d7236f:   24 20 8b 44 24 24 be 00 40 00 00 48 8b 54 24 18
0x00007fbae9d7237f:   8b 3b c7 84 24 88 00 00 00 00 00 00 00 c7 84 24
0x00007fbae9d7238f:   ac 00 00 00 00 00 00 00 29 c8 c7 84 24 9c 00 00 

Register to memory mapping:

RAX=0x0000000000000200 is an unknown value
RBX=0x0000000000000000 is an unknown value
RCX=0x0000000000000000 is an unknown value
RDX=0x00007fbaeafb2510 is pointing into the stack for thread: 0x00007fbaac08a000
RSP=0x00007fbaeafb2490 is pointing into the stack for thread: 0x00007fbaac08a000
RBP=0x00007fbaeafb2550 is pointing into the stack for thread: 0x00007fbaac08a000
RSI=0x0000000000004000 is an unknown value
RDI=0x00007fbaeafb24f0 is pointing into the stack for thread: 0x00007fbaac08a000
R8 =0x0000000000000000 is an unknown value
R9 =0x000000005330d53f is an unknown value
R10=0x0000000000000000 is an unknown value
R11=0x0000000000000000 is an unknown value
R12=0x0000000000000003 is an unknown value
R13=0x00007fbaeafb24d8 is pointing into the stack for thread: 0x00007fbaac08a000
R14=0x0000000000004e20 is an unknown value
R15=0x00007fbaac08a000 is a thread


Stack: [0x00007fbaeaeb3000,0x00007fbaeafb4000],  sp=0x00007fbaeafb2490,  free space=1021k
Native frames: (J=compiled Java code, j=interpreted, Vv=VM code, C=native code)
C  [libusb-0.1.so.4+0x337f]  usb_fetch_and_parse_descriptors+0x5df

Java frames: (J=compiled Java code, j=interpreted, Vv=VM code)
j  lejos.pc.comm.NXTCommLibnxt.jlibnxt_read_data(J[BII)I+0
j  lejos.pc.comm.NXTCommLibnxt.devRead(J[BII)I+7
j  lejos.pc.comm.NXTCommUSB.rawRead([BIIZ)I+27
j  lejos.pc.comm.NXTCommUSB.fillBuffer()V+22
j  lejos.pc.comm.NXTCommUSB.read()[B+59
j  lejos.pc.comm.NXTCommInputStream.read()I+28
j  lejos.pc.tools.ConsoleViewComms$Reader.run()V+43
v  ~StubRoutines::call_stub

---------------  P R O C E S S  ---------------

Java Threads: ( => current thread )
  0x00007fbaac11e800 JavaThread "TimerQueue" daemon [_thread_blocked, id=22883, stack(0x00007fbaea27c000,0x00007fbaea37d000)]
=>0x00007fbaac08a000 JavaThread "Thread-0" daemon [_thread_in_native, id=22882, stack(0x00007fbaeaeb3000,0x00007fbaeafb4000)]
  0x00007fbafc00a800 JavaThread "DestroyJavaVM" [_thread_blocked, id=22865, stack(0x00007fbb04409000,0x00007fbb0450a000)]
  0x00007fbafc1a9800 JavaThread "AWT-EventQueue-0" [_thread_in_Java, id=22881, stack(0x00007fbaeafb4000,0x00007fbaeb0b5000)]
  0x00007fbafc1a8000 JavaThread "AWT-Shutdown" [_thread_blocked, id=22880, stack(0x00007fbaeb0b5000,0x00007fbaeb1b6000)]
  0x00007fbafc1a4800 JavaThread "AWT-XAWT" daemon [_thread_in_native, id=22879, stack(0x00007fbaeb1b6000,0x00007fbaeb2b7000)]
  0x00007fbafc189800 JavaThread "Java2D Disposer" daemon [_thread_blocked, id=22878, stack(0x00007fbaeb6c7000,0x00007fbaeb7c8000)]
  0x00007fbafc096000 JavaThread "Service Thread" daemon [_thread_blocked, id=22876, stack(0x00007fbaf80f1000,0x00007fbaf81f2000)]
  0x00007fbafc094000 JavaThread "C2 CompilerThread1" daemon [_thread_blocked, id=22875, stack(0x00007fbaf81f2000,0x00007fbaf82f3000)]
  0x00007fbafc091000 JavaThread "C2 CompilerThread0" daemon [_thread_blocked, id=22874, stack(0x00007fbaf82f3000,0x00007fbaf83f4000)]
  0x00007fbafc086800 JavaThread "Signal Dispatcher" daemon [_thread_blocked, id=22873, stack(0x00007fbaf83f4000,0x00007fbaf84f5000)]
  0x00007fbafc070800 JavaThread "Finalizer" daemon [_thread_blocked, id=22872, stack(0x00007fbaf84f5000,0x00007fbaf85f6000)]
  0x00007fbafc06c800 JavaThread "Reference Handler" daemon [_thread_blocked, id=22871, stack(0x00007fbaf85f6000,0x00007fbaf86f7000)]

Other Threads:
  0x00007fbafc06a000 VMThread [stack: 0x00007fbaf86f7000,0x00007fbaf87f8000] [id=22870]
  0x00007fbafc0a1000 WatcherThread [stack: 0x00007fbaf0e7f000,0x00007fbaf0f80000] [id=22877]

VM state:not at safepoint (normal execution)

VM Mutex/Monitor currently owned by a thread: None

Heap
 PSYoungGen      total 28160K, used 6902K [0x00000000e1600000, 0x00000000e3500000, 0x0000000100000000)
  eden space 24576K, 28% used [0x00000000e1600000,0x00000000e1cbdb58,0x00000000e2e00000)
  from space 3584K, 0% used [0x00000000e3180000,0x00000000e3180000,0x00000000e3500000)
  to   space 3584K, 0% used [0x00000000e2e00000,0x00000000e2e00000,0x00000000e3180000)
 ParOldGen       total 62464K, used 0K [0x00000000a4200000, 0x00000000a7f00000, 0x00000000e1600000)
  object space 62464K, 0% used [0x00000000a4200000,0x00000000a4200000,0x00000000a7f00000)
 PSPermGen       total 21504K, used 11344K [0x000000009f000000, 0x00000000a0500000, 0x00000000a4200000)
  object space 21504K, 52% used [0x000000009f000000,0x000000009fb14180,0x00000000a0500000)

Card table byte_map: [0x00007fbb0140f000,0x00007fbb01718000] byte_map_base: 0x00007fbb00f17000

Polling page: 0x00007fbb04539000

Code Cache  [0x00007fbaf9000000, 0x00007fbaf9270000, 0x00007fbafc000000)
 total_blobs=498 nmethods=35 adapters=417 free_code_cache=48569Kb largest_free_block=49713792

Compilation events (10 events):
Event: 5.201 Thread 0x00007fbafc091000   30             java.util.concurrent.locks.AbstractOwnableSynchronizer::getExclusiveOwnerThread (5 bytes)
Event: 5.201 Thread 0x00007fbafc091000 nmethod 30 0x00007fbaf908fad0 code [0x00007fbaf908fc00, 0x00007fbaf908fc58]
Event: 5.539 Thread 0x00007fbafc094000   31             java.util.concurrent.locks.AbstractOwnableSynchronizer::setExclusiveOwnerThread (6 bytes)
Event: 5.539 Thread 0x00007fbafc094000 nmethod 31 0x00007fbaf908f8d0 code [0x00007fbaf908fa00, 0x00007fbaf908fa78]
Event: 5.664 Thread 0x00007fbafc091000   32             java.util.concurrent.locks.AbstractQueuedSynchronizer::setState (6 bytes)
Event: 5.665 Thread 0x00007fbafc091000 nmethod 32 0x00007fbaf908f6d0 code [0x00007fbaf908f800, 0x00007fbaf908f858]
Event: 5.709 Thread 0x00007fbafc094000   33             java.lang.AbstractStringBuilder::ensureCapacityInternal (16 bytes)
Event: 5.711 Thread 0x00007fbafc094000 nmethod 33 0x00007fbaf908ea10 code [0x00007fbaf908eb60, 0x00007fbaf908edd8]
Event: 6.077 Thread 0x00007fbafc091000   34             java.util.ArrayList::size (5 bytes)
Event: 6.077 Thread 0x00007fbafc091000 nmethod 34 0x00007fbaf9090b10 code [0x00007fbaf9090c40, 0x00007fbaf9090c98]

GC Heap History (0 events):
No events

Deoptimization events (6 events):
Event: 0.246 Thread 0x00007fbafc1a9800 Uncommon trap: reason=class_check action=maybe_recompile pc=0x00007fbaf9083608 method=java.util.Properties$LineReader.readLine()I @ 62
Event: 0.249 Thread 0x00007fbafc1a9800 Uncommon trap: reason=class_check action=maybe_recompile pc=0x00007fbaf9083608 method=java.util.Properties$LineReader.readLine()I @ 62
Event: 0.251 Thread 0x00007fbafc1a9800 Uncommon trap: reason=class_check action=maybe_recompile pc=0x00007fbaf9083608 method=java.util.Properties$LineReader.readLine()I @ 62
Event: 0.252 Thread 0x00007fbafc1a9800 Uncommon trap: reason=class_check action=maybe_recompile pc=0x00007fbaf9083608 method=java.util.Properties$LineReader.readLine()I @ 62
Event: 2.961 Thread 0x00007fbaac122000 Uncommon trap: reason=bimorphic action=maybe_recompile pc=0x00007fbaf9089c8c method=java.util.Properties$LineReader.readLine()I @ 62
Event: 2.961 Thread 0x00007fbaac122000 Uncommon trap: reason=bimorphic action=maybe_recompile pc=0x00007fbaf9089c8c method=java.util.Properties$LineReader.readLine()I @ 62

Internal exceptions (10 events):
Event: 2.966 Thread 0x00007fbaac122000 Threw 0x00000000e1ba1f80 at /HUDSON/workspace/7u-2-build-linux-amd64@2/jdk7u51/527/hotspot/src/share/vm/prims/jvm.cpp:1244
Event: 2.966 Thread 0x00007fbaac122000 Threw 0x00000000e1ba4190 at /HUDSON/workspace/7u-2-build-linux-amd64@2/jdk7u51/527/hotspot/src/share/vm/prims/jvm.cpp:1244
Event: 2.966 Thread 0x00007fbaac122000 Threw 0x00000000e1ba6520 at /HUDSON/workspace/7u-2-build-linux-amd64@2/jdk7u51/527/hotspot/src/share/vm/prims/jvm.cpp:1244
Event: 2.967 Thread 0x00007fbaac122000 Threw 0x00000000e1ba9158 at /HUDSON/workspace/7u-2-build-linux-amd64@2/jdk7u51/527/hotspot/src/share/vm/prims/jvm.cpp:1244
Event: 2.971 Thread 0x00007fbaac122000 Threw 0x00000000e1baf5c8 at /HUDSON/workspace/7u-2-build-linux-amd64@2/jdk7u51/527/hotspot/src/share/vm/prims/jvm.cpp:1244
Event: 2.982 Thread 0x00007fbaac122000 Threw 0x00000000e1bb3780 at /HUDSON/workspace/7u-2-build-linux-amd64@2/jdk7u51/527/hotspot/src/share/vm/prims/jni.cpp:717
Event: 2.988 Thread 0x00007fbaac122000 Threw 0x00000000e1bb4898 at /HUDSON/workspace/7u-2-build-linux-amd64@2/jdk7u51/527/hotspot/src/share/vm/prims/jvm.cpp:1244
Event: 2.989 Thread 0x00007fbaac122000 Threw 0x00000000e1bb6f08 at /HUDSON/workspace/7u-2-build-linux-amd64@2/jdk7u51/527/hotspot/src/share/vm/prims/jvm.cpp:1244
Event: 2.989 Thread 0x00007fbaac122000 Threw 0x00000000e1bb90e8 at /HUDSON/workspace/7u-2-build-linux-amd64@2/jdk7u51/527/hotspot/src/share/vm/prims/jvm.cpp:1244
Event: 2.990 Thread 0x00007fbaac08a000 Threw 0x00000000e1bc8320 at /HUDSON/workspace/7u-2-build-linux-amd64@2/jdk7u51/527/hotspot/src/share/vm/prims/jvm.cpp:1244

Events (10 events):
Event: 5.713 loading class 0x00007fbad009f260
Event: 5.713 loading class 0x00007fbad009f260 done
Event: 5.714 loading class 0x00007fbad00a0b10
Event: 5.714 loading class 0x00007fbad00a0b10 done
Event: 5.714 loading class 0x00007fbad0075090
Event: 5.714 loading class 0x00007fbad0075090 done
Event: 5.714 Executing VM operation: RevokeBias
Event: 5.714 Executing VM operation: RevokeBias done
Event: 5.714 loading class 0x00007fbafc1359c0
Event: 5.714 loading class 0x00007fbafc1359c0 done


Dynamic libraries:
00400000-00401000 r-xp 00000000 08:05 2779705                            /usr/lib/jvm/java-7-oracle/jre/bin/java
00600000-00601000 rw-p 00000000 08:05 2779705                            /usr/lib/jvm/java-7-oracle/jre/bin/java
01e1b000-01e3c000 rw-p 00000000 00:00 0                                  [heap]
9f000000-a0500000 rw-p 00000000 00:00 0 
a0500000-a4200000 rw-p 00000000 00:00 0 
a4200000-a7f00000 rw-p 00000000 00:00 0 
a7f00000-e1600000 rw-p 00000000 00:00 0 
e1600000-e3500000 rw-p 00000000 00:00 0 
e3500000-100000000 rw-p 00000000 00:00 0 
7fbaa4000000-7fbaa4021000 rw-p 00000000 00:00 0 
7fbaa4021000-7fbaa8000000 ---p 00000000 00:00 0 
7fbaa8000000-7fbaa8038000 rw-p 00000000 00:00 0 
7fbaa8038000-7fbaac000000 ---p 00000000 00:00 0 
7fbaac000000-7fbaac1b7000 rw-p 00000000 00:00 0 
7fbaac1b7000-7fbab0000000 ---p 00000000 00:00 0 
7fbab0000000-7fbab0021000 rw-p 00000000 00:00 0 
7fbab0021000-7fbab4000000 ---p 00000000 00:00 0 
7fbab4000000-7fbab4021000 rw-p 00000000 00:00 0 
7fbab4021000-7fbab8000000 ---p 00000000 00:00 0 
7fbab8000000-7fbab8021000 rw-p 00000000 00:00 0 
7fbab8021000-7fbabc000000 ---p 00000000 00:00 0 
7fbabc000000-7fbabc021000 rw-p 00000000 00:00 0 
7fbabc021000-7fbac0000000 ---p 00000000 00:00 0 
7fbac0000000-7fbac0021000 rw-p 00000000 00:00 0 
7fbac0021000-7fbac4000000 ---p 00000000 00:00 0 
7fbac4000000-7fbac417b000 rw-p 00000000 00:00 0 
7fbac417b000-7fbac8000000 ---p 00000000 00:00 0 
7fbac8000000-7fbac8021000 rw-p 00000000 00:00 0 
7fbac8021000-7fbacc000000 ---p 00000000 00:00 0 
7fbacc000000-7fbacc021000 rw-p 00000000 00:00 0 
7fbacc021000-7fbad0000000 ---p 00000000 00:00 0 
7fbad0000000-7fbad022c000 rw-p 00000000 00:00 0 
7fbad022c000-7fbad4000000 ---p 00000000 00:00 0 
7fbad4000000-7fbad4021000 rw-p 00000000 00:00 0 
7fbad4021000-7fbad8000000 ---p 00000000 00:00 0 
7fbad8000000-7fbad8021000 rw-p 00000000 00:00 0 
7fbad8021000-7fbadc000000 ---p 00000000 00:00 0 
7fbadc000000-7fbadc021000 rw-p 00000000 00:00 0 
7fbadc021000-7fbae0000000 ---p 00000000 00:00 0 
7fbae0000000-7fbae0021000 rw-p 00000000 00:00 0 
7fbae0021000-7fbae4000000 ---p 00000000 00:00 0 
7fbae4000000-7fbae4021000 rw-p 00000000 00:00 0 
7fbae4021000-7fbae8000000 ---p 00000000 00:00 0 
7fbae9d6f000-7fbae9d76000 r-xp 00000000 08:05 528106                     /lib/x86_64-linux-gnu/libusb-0.1.so.4.4.4
7fbae9d76000-7fbae9f75000 ---p 00007000 08:05 528106                     /lib/x86_64-linux-gnu/libusb-0.1.so.4.4.4
7fbae9f75000-7fbae9f76000 r--p 00006000 08:05 528106                     /lib/x86_64-linux-gnu/libusb-0.1.so.4.4.4
7fbae9f76000-7fbae9f77000 rw-p 00007000 08:05 528106                     /lib/x86_64-linux-gnu/libusb-0.1.so.4.4.4
7fbae9f77000-7fbae9f78000 rw-p 00000000 00:00 0 
7fbae9f78000-7fbae9f7a000 r-xp 00000000 08:05 2098441                    /home/yuechuan/Application/leJOS_NXJ_0.9.1beta-3/lib/pc/native/linux/x86_64/libjlibnxt.so
7fbae9f7a000-7fbaea179000 ---p 00002000 08:05 2098441                    /home/yuechuan/Application/leJOS_NXJ_0.9.1beta-3/lib/pc/native/linux/x86_64/libjlibnxt.so
7fbaea179000-7fbaea17a000 r--p 00001000 08:05 2098441                    /home/yuechuan/Application/leJOS_NXJ_0.9.1beta-3/lib/pc/native/linux/x86_64/libjlibnxt.so
7fbaea17a000-7fbaea17b000 rw-p 00002000 08:05 2098441                    /home/yuechuan/Application/leJOS_NXJ_0.9.1beta-3/lib/pc/native/linux/x86_64/libjlibnxt.so
7fbaea17b000-7fbaea17e000 ---p 00000000 00:00 0 
7fbaea17e000-7fbaea27c000 rw-p 00000000 00:00 0 
7fbaea27c000-7fbaea27f000 ---p 00000000 00:00 0 
7fbaea27f000-7fbaea37d000 rw-p 00000000 00:00 0                          [stack:22883]
7fbaea37d000-7fbaea3e5000 r-xp 00000000 08:05 2802047                    /usr/lib/jvm/java-7-oracle/jre/lib/amd64/libt2k.so
7fbaea3e5000-7fbaea5e5000 ---p 00068000 08:05 2802047                    /usr/lib/jvm/java-7-oracle/jre/lib/amd64/libt2k.so
7fbaea5e5000-7fbaea5ec000 rw-p 00068000 08:05 2802047                    /usr/lib/jvm/java-7-oracle/jre/lib/amd64/libt2k.so
7fbaea5ec000-7fbaea5fc000 rw-p 00000000 00:00 0 
7fbaea5fc000-7fbaea60c000 r-xp 00000000 08:05 2802046                    /usr/lib/jvm/java-7-oracle/jre/lib/amd64/libnio.so
7fbaea60c000-7fbaea80c000 ---p 00010000 08:05 2802046                    /usr/lib/jvm/java-7-oracle/jre/lib/amd64/libnio.so
7fbaea80c000-7fbaea80d000 rw-p 00010000 08:05 2802046                    /usr/lib/jvm/java-7-oracle/jre/lib/amd64/libnio.so
7fbaea80d000-7fbaea823000 r-xp 00000000 08:05 2802085                    /usr/lib/jvm/java-7-oracle/jre/lib/amd64/libnet.so
7fbaea823000-7fbaeaa23000 ---p 00016000 08:05 2802085                    /usr/lib/jvm/java-7-oracle/jre/lib/amd64/libnet.so
7fbaeaa23000-7fbaeaa24000 rw-p 00016000 08:05 2802085                    /usr/lib/jvm/java-7-oracle/jre/lib/amd64/libnet.so
7fbaeaa24000-7fbaeaa39000 r-xp 00000000 08:05 528006                     /lib/x86_64-linux-gnu/libgcc_s.so.1
7fbaeaa39000-7fbaeac38000 ---p 00015000 08:05 528006                     /lib/x86_64-linux-gnu/libgcc_s.so.1
7fbaeac38000-7fbaeac39000 r--p 00014000 08:05 528006                     /lib/x86_64-linux-gnu/libgcc_s.so.1
7fbaeac39000-7fbaeac3a000 rw-p 00015000 08:05 528006                     /lib/x86_64-linux-gnu/libgcc_s.so.1
7fbaeac3a000-7fbaeac9f000 r-xp 00000000 08:05 2802061                    /usr/lib/jvm/java-7-oracle/jre/lib/amd64/libfontmanager.so
7fbaeac9f000-7fbaeae9e000 ---p 00065000 08:05 2802061                    /usr/lib/jvm/java-7-oracle/jre/lib/amd64/libfontmanager.so
7fbaeae9e000-7fbaeaea2000 rw-p 00064000 08:05 2802061                    /usr/lib/jvm/java-7-oracle/jre/lib/amd64/libfontmanager.so
7fbaeaea2000-7fbaeaeb3000 rw-p 00000000 00:00 0 
7fbaeaeb3000-7fbaeaeb6000 ---p 00000000 00:00 0 
7fbaeaeb6000-7fbaeafb4000 rw-p 00000000 00:00 0                          [stack:22882]
7fbaeafb4000-7fbaeafb7000 ---p 00000000 00:00 0 
7fbaeafb7000-7fbaeb0b5000 rw-p 00000000 00:00 0                          [stack:22881]
7fbaeb0b5000-7fbaeb0b8000 ---p 00000000 00:00 0 
7fbaeb0b8000-7fbaeb1b6000 rw-p 00000000 00:00 0                          [stack:22880]
7fbaeb1b6000-7fbaeb1b9000 ---p 00000000 00:00 0 
7fbaeb1b9000-7fbaeb2b7000 rw-p 00000000 00:00 0                          [stack:22879]
7fbaeb2b7000-7fbaeb2bc000 r-xp 00000000 08:05 2756175                    /usr/lib/x86_64-linux-gnu/libXfixes.so.3.1.0
7fbaeb2bc000-7fbaeb4bb000 ---p 00005000 08:05 2756175                    /usr/lib/x86_64-linux-gnu/libXfixes.so.3.1.0
7fbaeb4bb000-7fbaeb4bc000 r--p 00004000 08:05 2756175                    /usr/lib/x86_64-linux-gnu/libXfixes.so.3.1.0
7fbaeb4bc000-7fbaeb4bd000 rw-p 00005000 08:05 2756175                    /usr/lib/x86_64-linux-gnu/libXfixes.so.3.1.0
7fbaeb4bd000-7fbaeb4c6000 r-xp 00000000 08:05 2793758                    /usr/lib/x86_64-linux-gnu/libXcursor.so.1.0.2
7fbaeb4c6000-7fbaeb6c5000 ---p 00009000 08:05 2793758                    /usr/lib/x86_64-linux-gnu/libXcursor.so.1.0.2
7fbaeb6c5000-7fbaeb6c6000 r--p 00008000 08:05 2793758                    /usr/lib/x86_64-linux-gnu/libXcursor.so.1.0.2
7fbaeb6c6000-7fbaeb6c7000 rw-p 00009000 08:05 2793758                    /usr/lib/x86_64-linux-gnu/libXcursor.so.1.0.2
7fbaeb6c7000-7fbaeb6ca000 ---p 00000000 00:00 0 
7fbaeb6ca000-7fbaeb7c8000 rw-p 00000000 00:00 0                          [stack:22878]
7fbaeb7c8000-7fbaeb7cd000 r-xp 00000000 08:05 2760015                    /usr/lib/x86_64-linux-gnu/libXdmcp.so.6.0.0
7fbaeb7cd000-7fbaeb9cc000 ---p 00005000 08:05 2760015                    /usr/lib/x86_64-linux-gnu/libXdmcp.so.6.0.0
7fbaeb9cc000-7fbaeb9cd000 r--p 00004000 08:05 2760015                    /usr/lib/x86_64-linux-gnu/libXdmcp.so.6.0.0
7fbaeb9cd000-7fbaeb9ce000 rw-p 00005000 08:05 2760015                    /usr/lib/x86_64-linux-gnu/libXdmcp.so.6.0.0
7fbaeb9ce000-7fbaeb9d0000 r-xp 00000000 08:05 2759237                    /usr/lib/x86_64-linux-gnu/libXau.so.6.0.0
7fbaeb9d0000-7fbaebbd0000 ---p 00002000 08:05 2759237                    /usr/lib/x86_64-linux-gnu/libXau.so.6.0.0
7fbaebbd0000-7fbaebbd1000 r--p 00002000 08:05 2759237                    /usr/lib/x86_64-linux-gnu/libXau.so.6.0.0
7fbaebbd1000-7fbaebbd2000 rw-p 00003000 08:05 2759237                    /usr/lib/x86_64-linux-gnu/libXau.so.6.0.0
7fbaebbd2000-7fbaebbef000 r-xp 00000000 08:05 2753458                    /usr/lib/x86_64-linux-gnu/libxcb.so.1.1.0
7fbaebbef000-7fbaebdee000 ---p 0001d000 08:05 2753458                    /usr/lib/x86_64-linux-gnu/libxcb.so.1.1.0
7fbaebdee000-7fbaebdef000 r--p 0001c000 08:05 2753458                    /usr/lib/x86_64-linux-gnu/libxcb.so.1.1.0
7fbaebdef000-7fbaebdf0000 rw-p 0001d000 08:05 2753458                    /usr/lib/x86_64-linux-gnu/libxcb.so.1.1.0
7fbaebdf0000-7fbaebdff000 r-xp 00000000 08:05 2757807                    /usr/lib/x86_64-linux-gnu/libXi.so.6.1.0
7fbaebdff000-7fbaebffe000 ---p 0000f000 08:05 2757807                    /usr/lib/x86_64-linux-gnu/libXi.so.6.1.0
7fbaebffe000-7fbaebfff000 r--p 0000e000 08:05 2757807                    /usr/lib/x86_64-linux-gnu/libXi.so.6.1.0
7fbaebfff000-7fbaec000000 rw-p 0000f000 08:05 2757807                    /usr/lib/x86_64-linux-gnu/libXi.so.6.1.0
7fbaec000000-7fbaec021000 rw-p 00000000 00:00 0 
7fbaec021000-7fbaf0000000 ---p 00000000 00:00 0 
7fbaf0001000-7fbaf0006000 r-xp 00000000 08:05 2793938                    /usr/lib/x86_64-linux-gnu/libXtst.so.6.1.0
7fbaf0006000-7fbaf0205000 ---p 00005000 08:05 2793938                    /usr/lib/x86_64-linux-gnu/libXtst.so.6.1.0
7fbaf0205000-7fbaf0206000 r--p 00004000 08:05 2793938                    /usr/lib/x86_64-linux-gnu/libXtst.so.6.1.0
7fbaf0206000-7fbaf0207000 rw-p 00005000 08:05 2793938                    /usr/lib/x86_64-linux-gnu/libXtst.so.6.1.0
7fbaf0207000-7fbaf0210000 r-xp 00000000 08:05 2793643                    /usr/lib/x86_64-linux-gnu/libXrender.so.1.3.0
7fbaf0210000-7fbaf040f000 ---p 00009000 08:05 2793643                    /usr/lib/x86_64-linux-gnu/libXrender.so.1.3.0
7fbaf040f000-7fbaf0410000 r--p 00008000 08:05 2793643                    /usr/lib/x86_64-linux-gnu/libXrender.so.1.3.0
7fbaf0410000-7fbaf0411000 rw-p 00009000 08:05 2793643                    /usr/lib/x86_64-linux-gnu/libXrender.so.1.3.0
7fbaf0411000-7fbaf0541000 r-xp 00000000 08:05 2760756                    /usr/lib/x86_64-linux-gnu/libX11.so.6.3.0
7fbaf0541000-7fbaf0741000 ---p 00130000 08:05 2760756                    /usr/lib/x86_64-linux-gnu/libX11.so.6.3.0
7fbaf0741000-7fbaf0742000 r--p 00130000 08:05 2760756                    /usr/lib/x86_64-linux-gnu/libX11.so.6.3.0
7fbaf0742000-7fbaf0746000 rw-p 00131000 08:05 2760756                    /usr/lib/x86_64-linux-gnu/libX11.so.6.3.0
7fbaf0746000-7fbaf0757000 r-xp 00000000 08:05 2759999                    /usr/lib/x86_64-linux-gnu/libXext.so.6.4.0
7fbaf0757000-7fbaf0956000 ---p 00011000 08:05 2759999                    /usr/lib/x86_64-linux-gnu/libXext.so.6.4.0
7fbaf0956000-7fbaf0957000 r--p 00010000 08:05 2759999                    /usr/lib/x86_64-linux-gnu/libXext.so.6.4.0
7fbaf0957000-7fbaf0958000 rw-p 00011000 08:05 2759999                    /usr/lib/x86_64-linux-gnu/libXext.so.6.4.0
7fbaf0958000-7fbaf09a8000 r-xp 00000000 08:05 2802076                    /usr/lib/jvm/java-7-oracle/jre/lib/amd64/xawt/libmawt.so
7fbaf09a8000-7fbaf0ba8000 ---p 00050000 08:05 2802076                    /usr/lib/jvm/java-7-oracle/jre/lib/amd64/xawt/libmawt.so
7fbaf0ba8000-7fbaf0bac000 rw-p 00050000 08:05 2802076                    /usr/lib/jvm/java-7-oracle/jre/lib/amd64/xawt/libmawt.so
7fbaf0bac000-7fbaf0bad000 rw-p 00000000 00:00 0 
7fbaf0bad000-7fbaf0c4f000 r-xp 00000000 08:05 2802070                    /usr/lib/jvm/java-7-oracle/jre/lib/amd64/libawt.so
7fbaf0c4f000-7fbaf0e4f000 ---p 000a2000 08:05 2802070                    /usr/lib/jvm/java-7-oracle/jre/lib/amd64/libawt.so
7fbaf0e4f000-7fbaf0e5b000 rw-p 000a2000 08:05 2802070                    /usr/lib/jvm/java-7-oracle/jre/lib/amd64/libawt.so
7fbaf0e5b000-7fbaf0e7f000 rw-p 00000000 00:00 0 
7fbaf0e7f000-7fbaf0e80000 ---p 00000000 00:00 0 
7fbaf0e80000-7fbaf4000000 rw-p 00000000 00:00 0                          [stack:22877]
7fbaf4000000-7fbaf4021000 rw-p 00000000 00:00 0 
7fbaf4021000-7fbaf8000000 ---p 00000000 00:00 0 
7fbaf80c0000-7fbaf80f1000 rw-p 00000000 00:00 0 
7fbaf80f1000-7fbaf80f4000 ---p 00000000 00:00 0 
7fbaf80f4000-7fbaf81f2000 rw-p 00000000 00:00 0                          [stack:22876]
7fbaf81f2000-7fbaf81f5000 ---p 00000000 00:00 0 
7fbaf81f5000-7fbaf82f3000 rw-p 00000000 00:00 0                          [stack:22875]
7fbaf82f3000-7fbaf82f6000 ---p 00000000 00:00 0 
7fbaf82f6000-7fbaf83f4000 rw-p 00000000 00:00 0                          [stack:22874]
7fbaf83f4000-7fbaf83f7000 ---p 00000000 00:00 0 
7fbaf83f7000-7fbaf84f5000 rw-p 00000000 00:00 0                          [stack:22873]
7fbaf84f5000-7fbaf84f8000 ---p 00000000 00:00 0 
7fbaf84f8000-7fbaf85f6000 rw-p 00000000 00:00 0                          [stack:22872]
7fbaf85f6000-7fbaf85f9000 ---p 00000000 00:00 0 
7fbaf85f9000-7fbaf86f7000 rw-p 00000000 00:00 0                          [stack:22871]
7fbaf86f7000-7fbaf86f8000 ---p 00000000 00:00 0 
7fbaf86f8000-7fbaf9000000 rw-p 00000000 00:00 0                          [stack:22870]
7fbaf9000000-7fbaf9270000 rwxp 00000000 00:00 0 
7fbaf9270000-7fbafc1ac000 rw-p 00000000 00:00 0 
7fbafc1ac000-7fbb00000000 ---p 00000000 00:00 0 
7fbb00000000-7fbb00014000 r--s 00000000 08:05 3671523                    /usr/share/fonts/type1/gsfonts/n019003l.pfb
7fbb00014000-7fbb00017000 rw-s 00000000 00:04 173670422                  /SYSV00000000 (deleted)
7fbb00017000-7fbb00019000 r--s 00009000 08:05 2098421                    /home/yuechuan/Application/leJOS_NXJ_0.9.1beta-3/lib/pc/3rdparty/commons-cli.jar
7fbb00019000-7fbb0001b000 r--s 00005000 08:05 2098426                    /home/yuechuan/Application/leJOS_NXJ_0.9.1beta-3/lib/pc/3rdparty/stax-api-1.0.1.jar
7fbb0001b000-7fbb00021000 r--s 00046000 08:05 2098423                    /home/yuechuan/Application/leJOS_NXJ_0.9.1beta-3/lib/pc/3rdparty/jcommon.jar
7fbb00021000-7fbb00032000 r--s 0014c000 08:05 2098425                    /home/yuechuan/Application/leJOS_NXJ_0.9.1beta-3/lib/pc/3rdparty/jfreechart.jar
7fbb00032000-7fbb0003c000 r--s 00079000 08:05 2098415                    /home/yuechuan/Application/leJOS_NXJ_0.9.1beta-3/lib/pc/3rdparty/bcel.jar
7fbb0003c000-7fbb00043000 r--s 0005e000 08:05 2098434                    /home/yuechuan/Application/leJOS_NXJ_0.9.1beta-3/lib/pc/pccomm.jar
7fbb00043000-7fbb0083a000 rw-p 00000000 00:00 0 
7fbb0083a000-7fbb009f7000 r--s 039bf000 08:05 2801991                    /usr/lib/jvm/java-7-oracle/jre/lib/rt.jar
7fbb009f7000-7fbb00df8000 rw-p 00000000 00:00 0 
7fbb00df8000-7fbb00df9000 ---p 00000000 00:00 0 
7fbb00df9000-7fbb00ef9000 rw-p 00000000 00:00 0                          [stack:22869]
7fbb00ef9000-7fbb00efa000 ---p 00000000 00:00 0 
7fbb00efa000-7fbb00ffa000 rw-p 00000000 00:00 0                          [stack:22868]
7fbb00ffa000-7fbb00ffb000 ---p 00000000 00:00 0 
7fbb00ffb000-7fbb010fb000 rw-p 00000000 00:00 0                          [stack:22867]
7fbb010fb000-7fbb010fc000 ---p 00000000 00:00 0 
7fbb010fc000-7fbb01207000 rw-p 00000000 00:00 0                          [stack:22866]
7fbb01207000-7fbb01225000 rw-p 00000000 00:00 0 
7fbb01225000-7fbb01244000 rw-p 00000000 00:00 0 
7fbb01244000-7fbb0140f000 rw-p 00000000 00:00 0 
7fbb0140f000-7fbb0141a000 rw-p 00000000 00:00 0 
7fbb0141a000-7fbb01438000 rw-p 00000000 00:00 0 
7fbb01438000-7fbb01457000 rw-p 00000000 00:00 0 
7fbb01457000-7fbb01622000 rw-p 00000000 00:00 0 
7fbb01622000-7fbb01632000 rw-p 00000000 00:00 0 
7fbb01632000-7fbb01717000 rw-p 00000000 00:00 0 
7fbb01717000-7fbb01718000 rw-p 00000000 00:00 0 
7fbb01718000-7fbb01732000 r-xp 00000000 08:05 2802050                    /usr/lib/jvm/java-7-oracle/jre/lib/amd64/libzip.so
7fbb01732000-7fbb01932000 ---p 0001a000 08:05 2802050                    /usr/lib/jvm/java-7-oracle/jre/lib/amd64/libzip.so
7fbb01932000-7fbb01933000 rw-p 0001a000 08:05 2802050                    /usr/lib/jvm/java-7-oracle/jre/lib/amd64/libzip.so
7fbb01933000-7fbb0193f000 r-xp 00000000 08:05 555341                     /lib/x86_64-linux-gnu/libnss_files-2.17.so
7fbb0193f000-7fbb01b3e000 ---p 0000c000 08:05 555341                     /lib/x86_64-linux-gnu/libnss_files-2.17.so
7fbb01b3e000-7fbb01b3f000 r--p 0000b000 08:05 555341                     /lib/x86_64-linux-gnu/libnss_files-2.17.so
7fbb01b3f000-7fbb01b40000 rw-p 0000c000 08:05 555341                     /lib/x86_64-linux-gnu/libnss_files-2.17.so
7fbb01b40000-7fbb01b4b000 r-xp 00000000 08:05 555339                     /lib/x86_64-linux-gnu/libnss_nis-2.17.so
7fbb01b4b000-7fbb01d4a000 ---p 0000b000 08:05 555339                     /lib/x86_64-linux-gnu/libnss_nis-2.17.so
7fbb01d4a000-7fbb01d4b000 r--p 0000a000 08:05 555339                     /lib/x86_64-linux-gnu/libnss_nis-2.17.so
7fbb01d4b000-7fbb01d4c000 rw-p 0000b000 08:05 555339                     /lib/x86_64-linux-gnu/libnss_nis-2.17.so
7fbb01d4c000-7fbb01d63000 r-xp 00000000 08:05 555327                     /lib/x86_64-linux-gnu/libnsl-2.17.so
7fbb01d63000-7fbb01f62000 ---p 00017000 08:05 555327                     /lib/x86_64-linux-gnu/libnsl-2.17.so
7fbb01f62000-7fbb01f63000 r--p 00016000 08:05 555327                     /lib/x86_64-linux-gnu/libnsl-2.17.so
7fbb01f63000-7fbb01f64000 rw-p 00017000 08:05 555327                     /lib/x86_64-linux-gnu/libnsl-2.17.so
7fbb01f64000-7fbb01f66000 rw-p 00000000 00:00 0 
7fbb01f66000-7fbb01f6e000 r-xp 00000000 08:05 555330                     /lib/x86_64-linux-gnu/libnss_compat-2.17.so
7fbb01f6e000-7fbb0216d000 ---p 00008000 08:05 555330                     /lib/x86_64-linux-gnu/libnss_compat-2.17.so
7fbb0216d000-7fbb0216e000 r--p 00007000 08:05 555330                     /lib/x86_64-linux-gnu/libnss_compat-2.17.so
7fbb0216e000-7fbb0216f000 rw-p 00008000 08:05 555330                     /lib/x86_64-linux-gnu/libnss_compat-2.17.so
7fbb0216f000-7fbb02198000 r-xp 00000000 08:05 2802058                    /usr/lib/jvm/java-7-oracle/jre/lib/amd64/libjava.so
7fbb02198000-7fbb02398000 ---p 00029000 08:05 2802058                    /usr/lib/jvm/java-7-oracle/jre/lib/amd64/libjava.so
7fbb02398000-7fbb0239a000 rw-p 00029000 08:05 2802058                    /usr/lib/jvm/java-7-oracle/jre/lib/amd64/libjava.so
7fbb0239a000-7fbb023a7000 r-xp 00000000 08:05 2802048                    /usr/lib/jvm/java-7-oracle/jre/lib/amd64/libverify.so
7fbb023a7000-7fbb025a6000 ---p 0000d000 08:05 2802048                    /usr/lib/jvm/java-7-oracle/jre/lib/amd64/libverify.so
7fbb025a6000-7fbb025a8000 rw-p 0000c000 08:05 2802048                    /usr/lib/jvm/java-7-oracle/jre/lib/amd64/libverify.so
7fbb025a8000-7fbb025af000 r-xp 00000000 08:05 555342                     /lib/x86_64-linux-gnu/librt-2.17.so
7fbb025af000-7fbb027ae000 ---p 00007000 08:05 555342                     /lib/x86_64-linux-gnu/librt-2.17.so
7fbb027ae000-7fbb027af000 r--p 00006000 08:05 555342                     /lib/x86_64-linux-gnu/librt-2.17.so
7fbb027af000-7fbb027b0000 rw-p 00007000 08:05 555342                     /lib/x86_64-linux-gnu/librt-2.17.so
7fbb027b0000-7fbb028b3000 r-xp 00000000 08:05 555333                     /lib/x86_64-linux-gnu/libm-2.17.so
7fbb028b3000-7fbb02ab2000 ---p 00103000 08:05 555333                     /lib/x86_64-linux-gnu/libm-2.17.so
7fbb02ab2000-7fbb02ab3000 r--p 00102000 08:05 555333                     /lib/x86_64-linux-gnu/libm-2.17.so
7fbb02ab3000-7fbb02ab4000 rw-p 00103000 08:05 555333                     /lib/x86_64-linux-gnu/libm-2.17.so
7fbb02ab4000-7fbb03616000 r-xp 00000000 08:05 2802098                    /usr/lib/jvm/java-7-oracle/jre/lib/amd64/server/libjvm.so
7fbb03616000-7fbb03816000 ---p 00b62000 08:05 2802098                    /usr/lib/jvm/java-7-oracle/jre/lib/amd64/server/libjvm.so
7fbb03816000-7fbb038d9000 rw-p 00b62000 08:05 2802098                    /usr/lib/jvm/java-7-oracle/jre/lib/amd64/server/libjvm.so
7fbb038d9000-7fbb0391a000 rw-p 00000000 00:00 0 
7fbb0391a000-7fbb03ad7000 r-xp 00000000 08:05 555347                     /lib/x86_64-linux-gnu/libc-2.17.so
7fbb03ad7000-7fbb03cd7000 ---p 001bd000 08:05 555347                     /lib/x86_64-linux-gnu/libc-2.17.so
7fbb03cd7000-7fbb03cdb000 r--p 001bd000 08:05 555347                     /lib/x86_64-linux-gnu/libc-2.17.so
7fbb03cdb000-7fbb03cdd000 rw-p 001c1000 08:05 555347                     /lib/x86_64-linux-gnu/libc-2.17.so
7fbb03cdd000-7fbb03ce2000 rw-p 00000000 00:00 0 
7fbb03ce2000-7fbb03ce5000 r-xp 00000000 08:05 555348                     /lib/x86_64-linux-gnu/libdl-2.17.so
7fbb03ce5000-7fbb03ee4000 ---p 00003000 08:05 555348                     /lib/x86_64-linux-gnu/libdl-2.17.so
7fbb03ee4000-7fbb03ee5000 r--p 00002000 08:05 555348                     /lib/x86_64-linux-gnu/libdl-2.17.so
7fbb03ee5000-7fbb03ee6000 rw-p 00003000 08:05 555348                     /lib/x86_64-linux-gnu/libdl-2.17.so
7fbb03ee6000-7fbb03efc000 r-xp 00000000 08:05 2802065                    /usr/lib/jvm/java-7-oracle/jre/lib/amd64/jli/libjli.so
7fbb03efc000-7fbb040fc000 ---p 00016000 08:05 2802065                    /usr/lib/jvm/java-7-oracle/jre/lib/amd64/jli/libjli.so
7fbb040fc000-7fbb040fd000 rw-p 00016000 08:05 2802065                    /usr/lib/jvm/java-7-oracle/jre/lib/amd64/jli/libjli.so
7fbb040fd000-7fbb04114000 r-xp 00000000 08:05 555349                     /lib/x86_64-linux-gnu/libpthread-2.17.so
7fbb04114000-7fbb04314000 ---p 00017000 08:05 555349                     /lib/x86_64-linux-gnu/libpthread-2.17.so
7fbb04314000-7fbb04315000 r--p 00017000 08:05 555349                     /lib/x86_64-linux-gnu/libpthread-2.17.so
7fbb04315000-7fbb04316000 rw-p 00018000 08:05 555349                     /lib/x86_64-linux-gnu/libpthread-2.17.so
7fbb04316000-7fbb0431a000 rw-p 00000000 00:00 0 
7fbb0431a000-7fbb0433d000 r-xp 00000000 08:05 555336                     /lib/x86_64-linux-gnu/ld-2.17.so
7fbb0433e000-7fbb04343000 r--s 00081000 08:05 2098419                    /home/yuechuan/Application/leJOS_NXJ_0.9.1beta-3/lib/pc/3rdparty/bluecove.jar
7fbb04343000-7fbb04345000 r--s 00018000 08:05 2098428                    /home/yuechuan/Application/leJOS_NXJ_0.9.1beta-3/lib/pc/charting.jar
7fbb04345000-7fbb04349000 r--s 0002b000 08:05 2098436                    /home/yuechuan/Application/leJOS_NXJ_0.9.1beta-3/lib/pc/pctools.jar
7fbb04349000-7fbb04353000 rw-p 00000000 00:00 0 
7fbb04353000-7fbb04409000 rw-p 00000000 00:00 0 
7fbb04409000-7fbb0440c000 ---p 00000000 00:00 0 
7fbb0440c000-7fbb0450f000 rw-p 00000000 00:00 0                          [stack:22865]
7fbb0450f000-7fbb04511000 r--s 00014000 08:05 2098430                    /home/yuechuan/Application/leJOS_NXJ_0.9.1beta-3/lib/pc/jtools.jar
7fbb04511000-7fbb04530000 rw-p 00000000 00:00 0 
7fbb04530000-7fbb04538000 rw-s 00000000 08:05 1329161                    /tmp/hsperfdata_yuechuan/22864
7fbb04538000-7fbb04539000 rw-p 00000000 00:00 0 
7fbb04539000-7fbb0453a000 r--p 00000000 00:00 0 
7fbb0453a000-7fbb0453c000 rw-p 00000000 00:00 0 
7fbb0453c000-7fbb0453d000 r--p 00022000 08:05 555336                     /lib/x86_64-linux-gnu/ld-2.17.so
7fbb0453d000-7fbb0453f000 rw-p 00023000 08:05 555336                     /lib/x86_64-linux-gnu/ld-2.17.so
7fffe5f1b000-7fffe5f3d000 rw-p 00000000 00:00 0                          [stack]
7fffe5f7c000-7fffe5f7e000 r-xp 00000000 00:00 0                          [vdso]
ffffffffff600000-ffffffffff601000 r-xp 00000000 00:00 0                  [vsyscall]

VM Arguments:
jvm_args: -Dnxj.home=/home/yuechuan/Application/leJOS_NXJ_0.9.1beta-3//bin/.. -DCOMMAND_NAME=nxjconsoleviewer 
java_command: lejos.pc.tools.NXJConsoleViewer
Launcher Type: SUN_STANDARD

Environment Variables:
CLASSPATH=:/Application/lejosSim/lib/ext/j3dcore.jar:/Application/lejosSim/lib/ext/j3dutils.jar:/Application/lejosSim/lib/ext/vecmath.jar:/Application/lejosSim/lib/ext/j3dcore.jar:/Application/lejosSim/lib/ext/j3dutils.jar:/Application/lejosSim/lib/ext/vecmath.jar:/Application/lejosSim/lib/ext/j3dcore.jar:/Application/lejosSim/lib/ext/j3dutils.jar:/Application/lejosSim/lib/ext/vecmath.jar:/Application/lejosSim/lib/ext/j3dcore.jar:/Application/lejosSim/lib/ext/j3dutils.jar:/Application/lejosSim/lib/ext/vecmath.jar:/Application/lejosSim/lib/ext/j3dcore.jar:/Application/lejosSim/lib/ext/j3dutils.jar:/Application/lejosSim/lib/ext/vecmath.jar:/Application/lejosSim/lib/ext/j3dcore.jar:/Application/lejosSim/lib/ext/j3dutils.jar:/Application/lejosSim/lib/ext/vecmath.jar
PATH=/home/yuechuan/Application/leJOS_NXJ_0.9.1beta-3/:/home/yuechuan/Application/leJOS_NXJ_0.9.1beta-3/:/home/yuechuan/Application/leJOS_NXJ_0.9.1beta-3/:/home/yuechuan/Application/leJOS_NXJ_0.9.1beta-3/:/home/yuechuan/Application/leJOS_NXJ_0.9.1beta-3/:/home/yuechuan/Application/leJOS_NXJ_0.9.1beta-3/:/usr/local/sbin:/usr/local/bin:/usr/sbin:/usr/bin:/sbin:/bin:/usr/games:/usr/local/games:/home/yuechuan/Application/leJOS_NXJ_0.9.1beta-3//bin:/opt/ros/hydro/bin
USERNAME=yuechuan
LD_LIBRARY_PATH=/Application/lejosSim/lib/i386
SHELL=/bin/bash
DISPLAY=:0

Signal Handlers:
SIGSEGV: [libjvm.so+0x993870], sa_mask[0]=0x7ffbfeff, sa_flags=0x10000004
SIGBUS: [libjvm.so+0x993870], sa_mask[0]=0x7ffbfeff, sa_flags=0x10000004
SIGFPE: [libjvm.so+0x8105b0], sa_mask[0]=0x7ffbfeff, sa_flags=0x10000004
SIGPIPE: [libjvm.so+0x8105b0], sa_mask[0]=0x7ffbfeff, sa_flags=0x10000004
SIGXFSZ: [libjvm.so+0x8105b0], sa_mask[0]=0x7ffbfeff, sa_flags=0x10000004
SIGILL: [libjvm.so+0x8105b0], sa_mask[0]=0x7ffbfeff, sa_flags=0x10000004
SIGUSR1: SIG_DFL, sa_mask[0]=0x00000000, sa_flags=0x00000000
SIGUSR2: [libjvm.so+0x811aa0], sa_mask[0]=0x00000000, sa_flags=0x10000004
SIGHUP: [libjvm.so+0x812a10], sa_mask[0]=0x7ffbfeff, sa_flags=0x10000004
SIGINT: [libjvm.so+0x812a10], sa_mask[0]=0x7ffbfeff, sa_flags=0x10000004
SIGTERM: [libjvm.so+0x812a10], sa_mask[0]=0x7ffbfeff, sa_flags=0x10000004
SIGQUIT: [libjvm.so+0x812a10], sa_mask[0]=0x7ffbfeff, sa_flags=0x10000004


---------------  S Y S T E M  ---------------

OS:wheezy/sid

uname:Linux 3.11.0-17-generic #31-Ubuntu SMP Mon Feb 3 21:52:43 UTC 2014 x86_64
libc:glibc 2.17 NPTL 2.17 
rlimit: STACK 8192k, CORE 0k, NPROC 46880, NOFILE 4096, AS infinity
load average:0.25 0.38 1.10

/proc/meminfo:
MemTotal:        6020900 kB
MemFree:         1725912 kB
Buffers:          360084 kB
Cached:          1715140 kB
SwapCached:        18736 kB
Active:          2373980 kB
Inactive:        1561176 kB
Active(anon):    1771372 kB
Inactive(anon):   455780 kB
Active(file):     602608 kB
Inactive(file):  1105396 kB
Unevictable:         132 kB
Mlocked:             132 kB
SwapTotal:       1951740 kB
SwapFree:        1674788 kB
Dirty:               260 kB
Writeback:             0 kB
AnonPages:       1843144 kB
Mapped:           233176 kB
Shmem:            367220 kB
Slab:             234624 kB
SReclaimable:     196520 kB
SUnreclaim:        38104 kB
KernelStack:        4944 kB
PageTables:        44260 kB
NFS_Unstable:          0 kB
Bounce:                0 kB
WritebackTmp:          0 kB
CommitLimit:     4962188 kB
Committed_AS:    6127852 kB
VmallocTotal:   34359738367 kB
VmallocUsed:      354916 kB
VmallocChunk:   34359363964 kB
HardwareCorrupted:     0 kB
AnonHugePages:         0 kB
HugePages_Total:       0
HugePages_Free:        0
HugePages_Rsvd:        0
HugePages_Surp:        0
Hugepagesize:       2048 kB
DirectMap4k:       75872 kB
DirectMap2M:     6125568 kB


CPU:total 4 (2 cores per cpu, 2 threads per core) family 6 model 42 stepping 7, cmov, cx8, fxsr, mmx, sse, sse2, sse3, ssse3, sse4.1, sse4.2, popcnt, avx, aes, ht, tsc, tscinvbit

/proc/cpuinfo:
processor	: 0
vendor_id	: GenuineIntel
cpu family	: 6
model		: 42
model name	: Intel(R) Core(TM) i5-2410M CPU @ 2.30GHz
stepping	: 7
microcode	: 0x1a
cpu MHz		: 2301.000
cache size	: 3072 KB
physical id	: 0
siblings	: 4
core id		: 0
cpu cores	: 2
apicid		: 0
initial apicid	: 0
fpu		: yes
fpu_exception	: yes
cpuid level	: 13
wp		: yes
flags		: fpu vme de pse tsc msr pae mce cx8 apic sep mtrr pge mca cmov pat pse36 clflush dts acpi mmx fxsr sse sse2 ss ht tm pbe syscall nx rdtscp lm constant_tsc arch_perfmon pebs bts rep_good nopl xtopology nonstop_tsc aperfmperf eagerfpu pni pclmulqdq dtes64 monitor ds_cpl vmx est tm2 ssse3 cx16 xtpr pdcm pcid sse4_1 sse4_2 x2apic popcnt tsc_deadline_timer aes xsave avx lahf_lm ida arat epb xsaveopt pln pts dtherm tpr_shadow vnmi flexpriority ept vpid
bogomips	: 4589.92
clflush size	: 64
cache_alignment	: 64
address sizes	: 36 bits physical, 48 bits virtual
power management:

processor	: 1
vendor_id	: GenuineIntel
cpu family	: 6
model		: 42
model name	: Intel(R) Core(TM) i5-2410M CPU @ 2.30GHz
stepping	: 7
microcode	: 0x1a
cpu MHz		: 2301.000
cache size	: 3072 KB
physical id	: 0
siblings	: 4
core id		: 1
cpu cores	: 2
apicid		: 2
initial apicid	: 2
fpu		: yes
fpu_exception	: yes
cpuid level	: 13
wp		: yes
flags		: fpu vme de pse tsc msr pae mce cx8 apic sep mtrr pge mca cmov pat pse36 clflush dts acpi mmx fxsr sse sse2 ss ht tm pbe syscall nx rdtscp lm constant_tsc arch_perfmon pebs bts rep_good nopl xtopology nonstop_tsc aperfmperf eagerfpu pni pclmulqdq dtes64 monitor ds_cpl vmx est tm2 ssse3 cx16 xtpr pdcm pcid sse4_1 sse4_2 x2apic popcnt tsc_deadline_timer aes xsave avx lahf_lm ida arat epb xsaveopt pln pts dtherm tpr_shadow vnmi flexpriority ept vpid
bogomips	: 4589.92
clflush size	: 64
cache_alignment	: 64
address sizes	: 36 bits physical, 48 bits virtual
power management:

processor	: 2
vendor_id	: GenuineIntel
cpu family	: 6
model		: 42
model name	: Intel(R) Core(TM) i5-2410M CPU @ 2.30GHz
stepping	: 7
microcode	: 0x1a
cpu MHz		: 2301.000
cache size	: 3072 KB
physical id	: 0
siblings	: 4
core id		: 0
cpu cores	: 2
apicid		: 1
initial apicid	: 1
fpu		: yes
fpu_exception	: yes
cpuid level	: 13
wp		: yes
flags		: fpu vme de pse tsc msr pae mce cx8 apic sep mtrr pge mca cmov pat pse36 clflush dts acpi mmx fxsr sse sse2 ss ht tm pbe syscall nx rdtscp lm constant_tsc arch_perfmon pebs bts rep_good nopl xtopology nonstop_tsc aperfmperf eagerfpu pni pclmulqdq dtes64 monitor ds_cpl vmx est tm2 ssse3 cx16 xtpr pdcm pcid sse4_1 sse4_2 x2apic popcnt tsc_deadline_timer aes xsave avx lahf_lm ida arat epb xsaveopt pln pts dtherm tpr_shadow vnmi flexpriority ept vpid
bogomips	: 4589.92
clflush size	: 64
cache_alignment	: 64
address sizes	: 36 bits physical, 48 bits virtual
power management:

processor	: 3
vendor_id	: GenuineIntel
cpu family	: 6
model		: 42
model name	: Intel(R) Core(TM) i5-2410M CPU @ 2.30GHz
stepping	: 7
microcode	: 0x1a
cpu MHz		: 2301.000
cache size	: 3072 KB
physical id	: 0
siblings	: 4
core id		: 1
cpu cores	: 2
apicid		: 3
initial apicid	: 3
fpu		: yes
fpu_exception	: yes
cpuid level	: 13
wp		: yes
flags		: fpu vme de pse tsc msr pae mce cx8 apic sep mtrr pge mca cmov pat pse36 clflush dts acpi mmx fxsr sse sse2 ss ht tm pbe syscall nx rdtscp lm constant_tsc arch_perfmon pebs bts rep_good nopl xtopology nonstop_tsc aperfmperf eagerfpu pni pclmulqdq dtes64 monitor ds_cpl vmx est tm2 ssse3 cx16 xtpr pdcm pcid sse4_1 sse4_2 x2apic popcnt tsc_deadline_timer aes xsave avx lahf_lm ida arat epb xsaveopt pln pts dtherm tpr_shadow vnmi flexpriority ept vpid
bogomips	: 4589.92
clflush size	: 64
cache_alignment	: 64
address sizes	: 36 bits physical, 48 bits virtual
power management:



Memory: 4k page, physical 6020900k(1725912k free), swap 1951740k(1674788k free)

vm_info: Java HotSpot(TM) 64-Bit Server VM (24.51-b03) for linux-amd64 JRE (1.7.0_51-b13), built on Dec 18 2013 18:48:01 by "java_re" with gcc 4.3.0 20080428 (Red Hat 4.3.0-8)

time: Mon Mar 24 21:00:47 2014
elapsed time: 6 seconds

