#
# A fatal error has been detected by the Java Runtime Environment:
#
#  Internal Error (javaClasses.cpp:136), pid=18227, tid=140452054017792
#  fatal error: Invalid layout of preloaded class
#
# JRE version:  (7.0_51-b13) (build )
# Java VM: Java HotSpot(TM) 64-Bit Server VM (24.51-b03 mixed mode linux-amd64 compressed oops)
# Failed to write core dump. Core dumps have been disabled. To enable core dumping, try "ulimit -c unlimited" before starting Java again
#
# If you would like to submit a bug report, please visit:
#   http://bugreport.sun.com/bugreport/crash.jsp
#

---------------  T H R E A D  ---------------

Current thread (0x00007fbd84009800):  JavaThread "Unknown thread" [_thread_in_vm, id=18233, stack(0x00007fbd8ab9a000,0x00007fbd8ac9b000)]

Stack: [0x00007fbd8ab9a000,0x00007fbd8ac9b000],  sp=0x00007fbd8ac99780,  free space=1021k
Native frames: (J=compiled Java code, j=interpreted, Vv=VM code, C=native code)
V  [libjvm.so+0x992f4a]  VMError::report_and_die()+0x2ea
V  [libjvm.so+0x493569]  report_fatal(char const*, int, char const*)+0x59
V  [libjvm.so+0x5fdce0]  compute_offset(int&, klassOopDesc*, Symbol*, Symbol*, bool)+0x140
V  [libjvm.so+0x5fe7f9]  java_lang_String::compute_offsets()+0x39
V  [libjvm.so+0x9191c5]  SystemDictionary::initialize_preloaded_classes(Thread*)+0x1a5
V  [libjvm.so+0x967f04]  Universe::genesis(Thread*)+0x494
V  [libjvm.so+0x9683b9]  universe2_init()+0x29
V  [libjvm.so+0x5a967d]  init_globals()+0xbd
V  [libjvm.so+0x94ef8d]  Threads::create_vm(JavaVMInitArgs*, bool*)+0x1ed
V  [libjvm.so+0x6307e4]  JNI_CreateJavaVM+0x74
C  [libjli.so+0x2f8e]  JavaMain+0x9e


---------------  P R O C E S S  ---------------

Java Threads: ( => current thread )

Other Threads:

=>0x00007fbd84009800 (exited) JavaThread "Unknown thread" [_thread_in_vm, id=18233, stack(0x00007fbd8ab9a000,0x00007fbd8ac9b000)]

VM state:not at safepoint (not fully initialized)

VM Mutex/Monitor currently owned by a thread: None

GC Heap History (0 events):
No events

Deoptimization events (0 events):
No events

Internal exceptions (0 events):
No events

Events (10 events):
Event: 0.006 loading class 0x00007fbd880180d0
Event: 0.007 loading class 0x00007fbd880180d0 done
Event: 0.007 loading class 0x00007fbd88018110
Event: 0.007 loading class 0x00007fbd880186f0
Event: 0.007 loading class 0x00007fbd880186f0 done
Event: 0.007 loading class 0x00007fbd8801ee10
Event: 0.007 loading class 0x00007fbd8801ee10 done
Event: 0.007 loading class 0x00007fbd88018110 done
Event: 0.007 loading class 0x00007fbd880180f0
Event: 0.008 loading class 0x00007fbd880180f0 done


Dynamic libraries:
00400000-00401000 r-xp 00000000 08:05 2774365                            /usr/lib/jvm/java-7-oracle/bin/java
00600000-00601000 rw-p 00000000 08:05 2774365                            /usr/lib/jvm/java-7-oracle/bin/java
00725000-00746000 rw-p 00000000 00:00 0                                  [heap]
9f000000-a0500000 rw-p 00000000 00:00 0 
a0500000-a4200000 rw-p 00000000 00:00 0 
a4200000-a7f00000 rw-p 00000000 00:00 0 
a7f00000-e1600000 rw-p 00000000 00:00 0 
e1600000-e3500000 rw-p 00000000 00:00 0 
e3500000-100000000 rw-p 00000000 00:00 0 
7fbd6c000000-7fbd6c021000 rw-p 00000000 00:00 0 
7fbd6c021000-7fbd70000000 ---p 00000000 00:00 0 
7fbd70000000-7fbd70021000 rw-p 00000000 00:00 0 
7fbd70021000-7fbd74000000 ---p 00000000 00:00 0 
7fbd74000000-7fbd74021000 rw-p 00000000 00:00 0 
7fbd74021000-7fbd78000000 ---p 00000000 00:00 0 
7fbd78e15000-7fbd7c000000 rw-p 00000000 00:00 0 
7fbd7c000000-7fbd7c021000 rw-p 00000000 00:00 0 
7fbd7c021000-7fbd80000000 ---p 00000000 00:00 0 
7fbd80096000-7fbd804ee000 rw-p 00000000 00:00 0 
7fbd804ee000-7fbd804ef000 ---p 00000000 00:00 0 
7fbd804ef000-7fbd805ef000 rw-p 00000000 00:00 0                          [stack:18237]
7fbd805ef000-7fbd805f0000 ---p 00000000 00:00 0 
7fbd805f0000-7fbd806f0000 rw-p 00000000 00:00 0                          [stack:18236]
7fbd806f0000-7fbd806f1000 ---p 00000000 00:00 0 
7fbd806f1000-7fbd807f1000 rw-p 00000000 00:00 0                          [stack:18235]
7fbd807f1000-7fbd807f2000 ---p 00000000 00:00 0 
7fbd807f2000-7fbd80911000 rw-p 00000000 00:00 0                          [stack:18234]
7fbd80911000-7fbd80adc000 rw-p 00000000 00:00 0 
7fbd80adc000-7fbd80ae7000 rw-p 00000000 00:00 0 
7fbd80ae7000-7fbd80b05000 rw-p 00000000 00:00 0 
7fbd80b05000-7fbd80b24000 rw-p 00000000 00:00 0 
7fbd80b24000-7fbd80cef000 rw-p 00000000 00:00 0 
7fbd80cef000-7fbd80cff000 rw-p 00000000 00:00 0 
7fbd80cff000-7fbd80de4000 rw-p 00000000 00:00 0 
7fbd80de4000-7fbd80de5000 rw-p 00000000 00:00 0 
7fbd80de5000-7fbd81055000 rwxp 00000000 00:00 0 
7fbd81055000-7fbd83de5000 rw-p 00000000 00:00 0 
7fbd83de5000-7fbd83dff000 r-xp 00000000 08:05 2802050                    /usr/lib/jvm/java-7-oracle/jre/lib/amd64/libzip.so
7fbd83dff000-7fbd83fff000 ---p 0001a000 08:05 2802050                    /usr/lib/jvm/java-7-oracle/jre/lib/amd64/libzip.so
7fbd83fff000-7fbd84000000 rw-p 0001a000 08:05 2802050                    /usr/lib/jvm/java-7-oracle/jre/lib/amd64/libzip.so
7fbd84000000-7fbd84053000 rw-p 00000000 00:00 0 
7fbd84053000-7fbd88000000 ---p 00000000 00:00 0 
7fbd88008000-7fbd88018000 r--s 000bf000 08:05 2098413                    /home/yuechuan/Application/leJOS_NXJ_0.9.1beta-3/lib/nxt/classes.jar
7fbd88018000-7fbd880a6000 rw-p 00000000 00:00 0 
7fbd880a6000-7fbd880c4000 rw-p 00000000 00:00 0 
7fbd880c4000-7fbd880d0000 r-xp 00000000 08:05 555341                     /lib/x86_64-linux-gnu/libnss_files-2.17.so
7fbd880d0000-7fbd882cf000 ---p 0000c000 08:05 555341                     /lib/x86_64-linux-gnu/libnss_files-2.17.so
7fbd882cf000-7fbd882d0000 r--p 0000b000 08:05 555341                     /lib/x86_64-linux-gnu/libnss_files-2.17.so
7fbd882d0000-7fbd882d1000 rw-p 0000c000 08:05 555341                     /lib/x86_64-linux-gnu/libnss_files-2.17.so
7fbd882d1000-7fbd882dc000 r-xp 00000000 08:05 555339                     /lib/x86_64-linux-gnu/libnss_nis-2.17.so
7fbd882dc000-7fbd884db000 ---p 0000b000 08:05 555339                     /lib/x86_64-linux-gnu/libnss_nis-2.17.so
7fbd884db000-7fbd884dc000 r--p 0000a000 08:05 555339                     /lib/x86_64-linux-gnu/libnss_nis-2.17.so
7fbd884dc000-7fbd884dd000 rw-p 0000b000 08:05 555339                     /lib/x86_64-linux-gnu/libnss_nis-2.17.so
7fbd884dd000-7fbd884f4000 r-xp 00000000 08:05 555327                     /lib/x86_64-linux-gnu/libnsl-2.17.so
7fbd884f4000-7fbd886f3000 ---p 00017000 08:05 555327                     /lib/x86_64-linux-gnu/libnsl-2.17.so
7fbd886f3000-7fbd886f4000 r--p 00016000 08:05 555327                     /lib/x86_64-linux-gnu/libnsl-2.17.so
7fbd886f4000-7fbd886f5000 rw-p 00017000 08:05 555327                     /lib/x86_64-linux-gnu/libnsl-2.17.so
7fbd886f5000-7fbd886f7000 rw-p 00000000 00:00 0 
7fbd886f7000-7fbd886ff000 r-xp 00000000 08:05 555330                     /lib/x86_64-linux-gnu/libnss_compat-2.17.so
7fbd886ff000-7fbd888fe000 ---p 00008000 08:05 555330                     /lib/x86_64-linux-gnu/libnss_compat-2.17.so
7fbd888fe000-7fbd888ff000 r--p 00007000 08:05 555330                     /lib/x86_64-linux-gnu/libnss_compat-2.17.so
7fbd888ff000-7fbd88900000 rw-p 00008000 08:05 555330                     /lib/x86_64-linux-gnu/libnss_compat-2.17.so
7fbd88900000-7fbd88929000 r-xp 00000000 08:05 2802058                    /usr/lib/jvm/java-7-oracle/jre/lib/amd64/libjava.so
7fbd88929000-7fbd88b29000 ---p 00029000 08:05 2802058                    /usr/lib/jvm/java-7-oracle/jre/lib/amd64/libjava.so
7fbd88b29000-7fbd88b2b000 rw-p 00029000 08:05 2802058                    /usr/lib/jvm/java-7-oracle/jre/lib/amd64/libjava.so
7fbd88b2b000-7fbd88b38000 r-xp 00000000 08:05 2802048                    /usr/lib/jvm/java-7-oracle/jre/lib/amd64/libverify.so
7fbd88b38000-7fbd88d37000 ---p 0000d000 08:05 2802048                    /usr/lib/jvm/java-7-oracle/jre/lib/amd64/libverify.so
7fbd88d37000-7fbd88d39000 rw-p 0000c000 08:05 2802048                    /usr/lib/jvm/java-7-oracle/jre/lib/amd64/libverify.so
7fbd88d39000-7fbd88d40000 r-xp 00000000 08:05 555342                     /lib/x86_64-linux-gnu/librt-2.17.so
7fbd88d40000-7fbd88f3f000 ---p 00007000 08:05 555342                     /lib/x86_64-linux-gnu/librt-2.17.so
7fbd88f3f000-7fbd88f40000 r--p 00006000 08:05 555342                     /lib/x86_64-linux-gnu/librt-2.17.so
7fbd88f40000-7fbd88f41000 rw-p 00007000 08:05 555342                     /lib/x86_64-linux-gnu/librt-2.17.so
7fbd88f41000-7fbd89044000 r-xp 00000000 08:05 555333                     /lib/x86_64-linux-gnu/libm-2.17.so
7fbd89044000-7fbd89243000 ---p 00103000 08:05 555333                     /lib/x86_64-linux-gnu/libm-2.17.so
7fbd89243000-7fbd89244000 r--p 00102000 08:05 555333                     /lib/x86_64-linux-gnu/libm-2.17.so
7fbd89244000-7fbd89245000 rw-p 00103000 08:05 555333                     /lib/x86_64-linux-gnu/libm-2.17.so
7fbd89245000-7fbd89da7000 r-xp 00000000 08:05 2802098                    /usr/lib/jvm/java-7-oracle/jre/lib/amd64/server/libjvm.so
7fbd89da7000-7fbd89fa7000 ---p 00b62000 08:05 2802098                    /usr/lib/jvm/java-7-oracle/jre/lib/amd64/server/libjvm.so
7fbd89fa7000-7fbd8a06a000 rw-p 00b62000 08:05 2802098                    /usr/lib/jvm/java-7-oracle/jre/lib/amd64/server/libjvm.so
7fbd8a06a000-7fbd8a0ab000 rw-p 00000000 00:00 0 
7fbd8a0ab000-7fbd8a268000 r-xp 00000000 08:05 555347                     /lib/x86_64-linux-gnu/libc-2.17.so
7fbd8a268000-7fbd8a468000 ---p 001bd000 08:05 555347                     /lib/x86_64-linux-gnu/libc-2.17.so
7fbd8a468000-7fbd8a46c000 r--p 001bd000 08:05 555347                     /lib/x86_64-linux-gnu/libc-2.17.so
7fbd8a46c000-7fbd8a46e000 rw-p 001c1000 08:05 555347                     /lib/x86_64-linux-gnu/libc-2.17.so
7fbd8a46e000-7fbd8a473000 rw-p 00000000 00:00 0 
7fbd8a473000-7fbd8a476000 r-xp 00000000 08:05 555348                     /lib/x86_64-linux-gnu/libdl-2.17.so
7fbd8a476000-7fbd8a675000 ---p 00003000 08:05 555348                     /lib/x86_64-linux-gnu/libdl-2.17.so
7fbd8a675000-7fbd8a676000 r--p 00002000 08:05 555348                     /lib/x86_64-linux-gnu/libdl-2.17.so
7fbd8a676000-7fbd8a677000 rw-p 00003000 08:05 555348                     /lib/x86_64-linux-gnu/libdl-2.17.so
7fbd8a677000-7fbd8a68d000 r-xp 00000000 08:05 2831249                    /usr/lib/jvm/java-7-oracle/lib/amd64/jli/libjli.so
7fbd8a68d000-7fbd8a88d000 ---p 00016000 08:05 2831249                    /usr/lib/jvm/java-7-oracle/lib/amd64/jli/libjli.so
7fbd8a88d000-7fbd8a88e000 rw-p 00016000 08:05 2831249                    /usr/lib/jvm/java-7-oracle/lib/amd64/jli/libjli.so
7fbd8a88e000-7fbd8a8a5000 r-xp 00000000 08:05 555349                     /lib/x86_64-linux-gnu/libpthread-2.17.so
7fbd8a8a5000-7fbd8aaa5000 ---p 00017000 08:05 555349                     /lib/x86_64-linux-gnu/libpthread-2.17.so
7fbd8aaa5000-7fbd8aaa6000 r--p 00017000 08:05 555349                     /lib/x86_64-linux-gnu/libpthread-2.17.so
7fbd8aaa6000-7fbd8aaa7000 rw-p 00018000 08:05 555349                     /lib/x86_64-linux-gnu/libpthread-2.17.so
7fbd8aaa7000-7fbd8aaab000 rw-p 00000000 00:00 0 
7fbd8aaab000-7fbd8aace000 r-xp 00000000 08:05 555336                     /lib/x86_64-linux-gnu/ld-2.17.so
7fbd8aada000-7fbd8aae4000 rw-p 00000000 00:00 0 
7fbd8aae4000-7fbd8ab9a000 rw-p 00000000 00:00 0 
7fbd8ab9a000-7fbd8ab9d000 ---p 00000000 00:00 0 
7fbd8ab9d000-7fbd8ac9f000 rw-p 00000000 00:00 0                          [stack:18233]
7fbd8aca0000-7fbd8acc1000 rw-p 00000000 00:00 0 
7fbd8acc1000-7fbd8acc9000 rw-s 00000000 08:05 1311902                    /tmp/hsperfdata_yuechuan/18227
7fbd8acc9000-7fbd8acca000 rw-p 00000000 00:00 0 
7fbd8acca000-7fbd8accb000 r--p 00000000 00:00 0 
7fbd8accb000-7fbd8accd000 rw-p 00000000 00:00 0 
7fbd8accd000-7fbd8acce000 r--p 00022000 08:05 555336                     /lib/x86_64-linux-gnu/ld-2.17.so
7fbd8acce000-7fbd8acd0000 rw-p 00023000 08:05 555336                     /lib/x86_64-linux-gnu/ld-2.17.so
7fff945fb000-7fff9461c000 rw-p 00000000 00:00 0                          [stack]
7fff946c8000-7fff946ca000 r-xp 00000000 00:00 0                          [vdso]
ffffffffff600000-ffffffffff601000 r-xp 00000000 00:00 0                  [vsyscall]

VM Arguments:
jvm_args: -Dfile.encoding=UTF-8 -Xbootclasspath:/home/yuechuan/Application/leJOS_NXJ_0.9.1beta-3/lib/nxt/classes.jar 
java_command: search.ObjectRecognization
Launcher Type: SUN_STANDARD

Environment Variables:
PATH=/usr/local/sbin:/usr/local/bin:/usr/sbin:/usr/bin:/sbin:/bin:/usr/games:/usr/local/games:/home/yuechuan/Application/leJOS_NXJ_0.9.1beta-3//bin:/opt/ros/hydro/bin
USERNAME=yuechuan
LD_LIBRARY_PATH=/home/yuechuan/Application/leJOS_NXJ_0.9.1beta-3//bin
SHELL=/bin/bash
DISPLAY=:0

Signal Handlers:
SIGSEGV: [libjvm.so+0x993870], sa_mask[0]=0x7ffbfeff, sa_flags=0x10000004
SIGBUS: [libjvm.so+0x993870], sa_mask[0]=0x7ffbfeff, sa_flags=0x10000004
SIGFPE: [libjvm.so+0x8105b0], sa_mask[0]=0x7ffbfeff, sa_flags=0x10000004
SIGPIPE: [libjvm.so+0x8105b0], sa_mask[0]=0x7ffbfeff, sa_flags=0x10000004
SIGXFSZ: [libjvm.so+0x8105b0], sa_mask[0]=0x7ffbfeff, sa_flags=0x10000004
SIGILL: [libjvm.so+0x8105b0], sa_mask[0]=0x7ffbfeff, sa_flags=0x10000004
SIGUSR1: SIG_DFL, sa_mask[0]=0x00000000, sa_flags=0x00000000
SIGUSR2: [libjvm.so+0x811aa0], sa_mask[0]=0x00000004, sa_flags=0x10000004
SIGHUP: SIG_DFL, sa_mask[0]=0x00000000, sa_flags=0x00000000
SIGINT: SIG_DFL, sa_mask[0]=0x00000000, sa_flags=0x00000000
SIGTERM: SIG_DFL, sa_mask[0]=0x00000000, sa_flags=0x00000000
SIGQUIT: SIG_DFL, sa_mask[0]=0x00000000, sa_flags=0x00000000


---------------  S Y S T E M  ---------------

OS:wheezy/sid

uname:Linux 3.11.0-17-generic #31-Ubuntu SMP Mon Feb 3 21:52:43 UTC 2014 x86_64
libc:glibc 2.17 NPTL 2.17 
rlimit: STACK 8192k, CORE 0k, NPROC 46880, NOFILE 4096, AS infinity
load average:0.68 0.50 0.34

/proc/meminfo:
MemTotal:        6020900 kB
MemFree:         1597160 kB
Buffers:          343384 kB
Cached:          1453480 kB
SwapCached:        17692 kB
Active:          2659800 kB
Inactive:        1404544 kB
Active(anon):    2186568 kB
Inactive(anon):   425776 kB
Active(file):     473232 kB
Inactive(file):   978768 kB
Unevictable:         132 kB
Mlocked:             132 kB
SwapTotal:       1951740 kB
SwapFree:        1674516 kB
Dirty:               216 kB
Writeback:             0 kB
AnonPages:       2251560 kB
Mapped:           231300 kB
Shmem:            344840 kB
Slab:             223252 kB
SReclaimable:     184264 kB
SUnreclaim:        38988 kB
KernelStack:        5240 kB
PageTables:        53504 kB
NFS_Unstable:          0 kB
Bounce:                0 kB
WritebackTmp:          0 kB
CommitLimit:     4962188 kB
Committed_AS:    6909704 kB
VmallocTotal:   34359738367 kB
VmallocUsed:      354916 kB
VmallocChunk:   34359363964 kB
HardwareCorrupted:     0 kB
AnonHugePages:         0 kB
HugePages_Total:       0
HugePages_Free:        0
HugePages_Rsvd:        0
HugePages_Surp:        0
Hugepagesize:       2048 kB
DirectMap4k:       75872 kB
DirectMap2M:     6125568 kB


CPU:total 4 (2 cores per cpu, 2 threads per core) family 6 model 42 stepping 7, cmov, cx8, fxsr, mmx, sse, sse2, sse3, ssse3, sse4.1, sse4.2, popcnt, avx, aes, ht, tsc, tscinvbit

/proc/cpuinfo:
processor	: 0
vendor_id	: GenuineIntel
cpu family	: 6
model		: 42
model name	: Intel(R) Core(TM) i5-2410M CPU @ 2.30GHz
stepping	: 7
microcode	: 0x1a
cpu MHz		: 2301.000
cache size	: 3072 KB
physical id	: 0
siblings	: 4
core id		: 0
cpu cores	: 2
apicid		: 0
initial apicid	: 0
fpu		: yes
fpu_exception	: yes
cpuid level	: 13
wp		: yes
flags		: fpu vme de pse tsc msr pae mce cx8 apic sep mtrr pge mca cmov pat pse36 clflush dts acpi mmx fxsr sse sse2 ss ht tm pbe syscall nx rdtscp lm constant_tsc arch_perfmon pebs bts rep_good nopl xtopology nonstop_tsc aperfmperf eagerfpu pni pclmulqdq dtes64 monitor ds_cpl vmx est tm2 ssse3 cx16 xtpr pdcm pcid sse4_1 sse4_2 x2apic popcnt tsc_deadline_timer aes xsave avx lahf_lm ida arat epb xsaveopt pln pts dtherm tpr_shadow vnmi flexpriority ept vpid
bogomips	: 4589.92
clflush size	: 64
cache_alignment	: 64
address sizes	: 36 bits physical, 48 bits virtual
power management:

processor	: 1
vendor_id	: GenuineIntel
cpu family	: 6
model		: 42
model name	: Intel(R) Core(TM) i5-2410M CPU @ 2.30GHz
stepping	: 7
microcode	: 0x1a
cpu MHz		: 2301.000
cache size	: 3072 KB
physical id	: 0
siblings	: 4
core id		: 1
cpu cores	: 2
apicid		: 2
initial apicid	: 2
fpu		: yes
fpu_exception	: yes
cpuid level	: 13
wp		: yes
flags		: fpu vme de pse tsc msr pae mce cx8 apic sep mtrr pge mca cmov pat pse36 clflush dts acpi mmx fxsr sse sse2 ss ht tm pbe syscall nx rdtscp lm constant_tsc arch_perfmon pebs bts rep_good nopl xtopology nonstop_tsc aperfmperf eagerfpu pni pclmulqdq dtes64 monitor ds_cpl vmx est tm2 ssse3 cx16 xtpr pdcm pcid sse4_1 sse4_2 x2apic popcnt tsc_deadline_timer aes xsave avx lahf_lm ida arat epb xsaveopt pln pts dtherm tpr_shadow vnmi flexpriority ept vpid
bogomips	: 4589.92
clflush size	: 64
cache_alignment	: 64
address sizes	: 36 bits physical, 48 bits virtual
power management:

processor	: 2
vendor_id	: GenuineIntel
cpu family	: 6
model		: 42
model name	: Intel(R) Core(TM) i5-2410M CPU @ 2.30GHz
stepping	: 7
microcode	: 0x1a
cpu MHz		: 2301.000
cache size	: 3072 KB
physical id	: 0
siblings	: 4
core id		: 0
cpu cores	: 2
apicid		: 1
initial apicid	: 1
fpu		: yes
fpu_exception	: yes
cpuid level	: 13
wp		: yes
flags		: fpu vme de pse tsc msr pae mce cx8 apic sep mtrr pge mca cmov pat pse36 clflush dts acpi mmx fxsr sse sse2 ss ht tm pbe syscall nx rdtscp lm constant_tsc arch_perfmon pebs bts rep_good nopl xtopology nonstop_tsc aperfmperf eagerfpu pni pclmulqdq dtes64 monitor ds_cpl vmx est tm2 ssse3 cx16 xtpr pdcm pcid sse4_1 sse4_2 x2apic popcnt tsc_deadline_timer aes xsave avx lahf_lm ida arat epb xsaveopt pln pts dtherm tpr_shadow vnmi flexpriority ept vpid
bogomips	: 4589.92
clflush size	: 64
cache_alignment	: 64
address sizes	: 36 bits physical, 48 bits virtual
power management:

processor	: 3
vendor_id	: GenuineIntel
cpu family	: 6
model		: 42
model name	: Intel(R) Core(TM) i5-2410M CPU @ 2.30GHz
stepping	: 7
microcode	: 0x1a
cpu MHz		: 2301.000
cache size	: 3072 KB
physical id	: 0
siblings	: 4
core id		: 1
cpu cores	: 2
apicid		: 3
initial apicid	: 3
fpu		: yes
fpu_exception	: yes
cpuid level	: 13
wp		: yes
flags		: fpu vme de pse tsc msr pae mce cx8 apic sep mtrr pge mca cmov pat pse36 clflush dts acpi mmx fxsr sse sse2 ss ht tm pbe syscall nx rdtscp lm constant_tsc arch_perfmon pebs bts rep_good nopl xtopology nonstop_tsc aperfmperf eagerfpu pni pclmulqdq dtes64 monitor ds_cpl vmx est tm2 ssse3 cx16 xtpr pdcm pcid sse4_1 sse4_2 x2apic popcnt tsc_deadline_timer aes xsave avx lahf_lm ida arat epb xsaveopt pln pts dtherm tpr_shadow vnmi flexpriority ept vpid
bogomips	: 4589.92
clflush size	: 64
cache_alignment	: 64
address sizes	: 36 bits physical, 48 bits virtual
power management:



Memory: 4k page, physical 6020900k(1597160k free), swap 1951740k(1674516k free)

vm_info: Java HotSpot(TM) 64-Bit Server VM (24.51-b03) for linux-amd64 JRE (1.7.0_51-b13), built on Dec 18 2013 18:48:01 by "java_re" with gcc 4.3.0 20080428 (Red Hat 4.3.0-8)

time: Mon Mar 24 18:34:09 2014
elapsed time: 0 seconds

