#
# A fatal error has been detected by the Java Runtime Environment:
#
#  Internal Error (javaClasses.cpp:136), pid=22687, tid=140237111711488
#  fatal error: Invalid layout of preloaded class
#
# JRE version:  (7.0_51-b13) (build )
# Java VM: Java HotSpot(TM) 64-Bit Server VM (24.51-b03 mixed mode linux-amd64 compressed oops)
# Failed to write core dump. Core dumps have been disabled. To enable core dumping, try "ulimit -c unlimited" before starting Java again
#
# If you would like to submit a bug report, please visit:
#   http://bugreport.sun.com/bugreport/crash.jsp
#

---------------  T H R E A D  ---------------

Current thread (0x00007f8b78009800):  JavaThread "Unknown thread" [_thread_in_vm, id=22692, stack(0x00007f8b7f2a5000,0x00007f8b7f3a6000)]

Stack: [0x00007f8b7f2a5000,0x00007f8b7f3a6000],  sp=0x00007f8b7f3a4780,  free space=1021k
Native frames: (J=compiled Java code, j=interpreted, Vv=VM code, C=native code)
V  [libjvm.so+0x992f4a]  VMError::report_and_die()+0x2ea
V  [libjvm.so+0x493569]  report_fatal(char const*, int, char const*)+0x59
V  [libjvm.so+0x5fdce0]  compute_offset(int&, klassOopDesc*, Symbol*, Symbol*, bool)+0x140
V  [libjvm.so+0x5fe7f9]  java_lang_String::compute_offsets()+0x39
V  [libjvm.so+0x9191c5]  SystemDictionary::initialize_preloaded_classes(Thread*)+0x1a5
V  [libjvm.so+0x967f04]  Universe::genesis(Thread*)+0x494
V  [libjvm.so+0x9683b9]  universe2_init()+0x29
V  [libjvm.so+0x5a967d]  init_globals()+0xbd
V  [libjvm.so+0x94ef8d]  Threads::create_vm(JavaVMInitArgs*, bool*)+0x1ed
V  [libjvm.so+0x6307e4]  JNI_CreateJavaVM+0x74
C  [libjli.so+0x2f8e]  JavaMain+0x9e


---------------  P R O C E S S  ---------------

Java Threads: ( => current thread )

Other Threads:

=>0x00007f8b78009800 (exited) JavaThread "Unknown thread" [_thread_in_vm, id=22692, stack(0x00007f8b7f2a5000,0x00007f8b7f3a6000)]

VM state:not at safepoint (not fully initialized)

VM Mutex/Monitor currently owned by a thread: None

GC Heap History (0 events):
No events

Deoptimization events (0 events):
No events

Internal exceptions (0 events):
No events

Events (10 events):
Event: 0.005 loading class 0x00007f8b7c0150d0
Event: 0.006 loading class 0x00007f8b7c0150d0 done
Event: 0.006 loading class 0x00007f8b7c015110
Event: 0.006 loading class 0x00007f8b7c0156f0
Event: 0.006 loading class 0x00007f8b7c0156f0 done
Event: 0.006 loading class 0x00007f8b7c01be10
Event: 0.006 loading class 0x00007f8b7c01be10 done
Event: 0.006 loading class 0x00007f8b7c015110 done
Event: 0.006 loading class 0x00007f8b7c0150f0
Event: 0.006 loading class 0x00007f8b7c0150f0 done


Dynamic libraries:
00400000-00401000 r-xp 00000000 08:05 2774365                            /usr/lib/jvm/java-7-oracle/bin/java
00600000-00601000 rw-p 00000000 08:05 2774365                            /usr/lib/jvm/java-7-oracle/bin/java
00afa000-00b1b000 rw-p 00000000 00:00 0                                  [heap]
9f000000-a0500000 rw-p 00000000 00:00 0 
a0500000-a4200000 rw-p 00000000 00:00 0 
a4200000-a7f00000 rw-p 00000000 00:00 0 
a7f00000-e1600000 rw-p 00000000 00:00 0 
e1600000-e3500000 rw-p 00000000 00:00 0 
e3500000-100000000 rw-p 00000000 00:00 0 
7f8b60000000-7f8b60021000 rw-p 00000000 00:00 0 
7f8b60021000-7f8b64000000 ---p 00000000 00:00 0 
7f8b64000000-7f8b64021000 rw-p 00000000 00:00 0 
7f8b64021000-7f8b68000000 ---p 00000000 00:00 0 
7f8b68000000-7f8b68021000 rw-p 00000000 00:00 0 
7f8b68021000-7f8b6c000000 ---p 00000000 00:00 0 
7f8b6cf80000-7f8b70000000 rw-p 00000000 00:00 0 
7f8b70000000-7f8b70021000 rw-p 00000000 00:00 0 
7f8b70021000-7f8b74000000 ---p 00000000 00:00 0 
7f8b74639000-7f8b74bfc000 rw-p 00000000 00:00 0 
7f8b74bfc000-7f8b74bfd000 ---p 00000000 00:00 0 
7f8b74bfd000-7f8b74cfd000 rw-p 00000000 00:00 0                          [stack:22696]
7f8b74cfd000-7f8b74cfe000 ---p 00000000 00:00 0 
7f8b74cfe000-7f8b74dfe000 rw-p 00000000 00:00 0                          [stack:22695]
7f8b74dfe000-7f8b74dff000 ---p 00000000 00:00 0 
7f8b74dff000-7f8b74eff000 rw-p 00000000 00:00 0                          [stack:22694]
7f8b74eff000-7f8b74f00000 ---p 00000000 00:00 0 
7f8b74f00000-7f8b75000000 rw-p 00000000 00:00 0                          [stack:22693]
7f8b75000000-7f8b75270000 rwxp 00000000 00:00 0 
7f8b75270000-7f8b78053000 rw-p 00000000 00:00 0 
7f8b78053000-7f8b7c000000 ---p 00000000 00:00 0 
7f8b7c005000-7f8b7c015000 r--s 000bf000 08:05 2098413                    /home/yuechuan/Application/leJOS_NXJ_0.9.1beta-3/lib/nxt/classes.jar
7f8b7c015000-7f8b7c0a3000 rw-p 00000000 00:00 0 
7f8b7c0a3000-7f8b7c0c1000 rw-p 00000000 00:00 0 
7f8b7c0c1000-7f8b7c0e0000 rw-p 00000000 00:00 0 
7f8b7c0e0000-7f8b7c2ab000 rw-p 00000000 00:00 0 
7f8b7c2ab000-7f8b7c2b6000 rw-p 00000000 00:00 0 
7f8b7c2b6000-7f8b7c2d4000 rw-p 00000000 00:00 0 
7f8b7c2d4000-7f8b7c2f3000 rw-p 00000000 00:00 0 
7f8b7c2f3000-7f8b7c4be000 rw-p 00000000 00:00 0 
7f8b7c4be000-7f8b7c4ce000 rw-p 00000000 00:00 0 
7f8b7c4ce000-7f8b7c5b3000 rw-p 00000000 00:00 0 
7f8b7c5b3000-7f8b7c5b4000 rw-p 00000000 00:00 0 
7f8b7c5b4000-7f8b7c5ce000 r-xp 00000000 08:05 2802050                    /usr/lib/jvm/java-7-oracle/jre/lib/amd64/libzip.so
7f8b7c5ce000-7f8b7c7ce000 ---p 0001a000 08:05 2802050                    /usr/lib/jvm/java-7-oracle/jre/lib/amd64/libzip.so
7f8b7c7ce000-7f8b7c7cf000 rw-p 0001a000 08:05 2802050                    /usr/lib/jvm/java-7-oracle/jre/lib/amd64/libzip.so
7f8b7c7cf000-7f8b7c7db000 r-xp 00000000 08:05 555341                     /lib/x86_64-linux-gnu/libnss_files-2.17.so
7f8b7c7db000-7f8b7c9da000 ---p 0000c000 08:05 555341                     /lib/x86_64-linux-gnu/libnss_files-2.17.so
7f8b7c9da000-7f8b7c9db000 r--p 0000b000 08:05 555341                     /lib/x86_64-linux-gnu/libnss_files-2.17.so
7f8b7c9db000-7f8b7c9dc000 rw-p 0000c000 08:05 555341                     /lib/x86_64-linux-gnu/libnss_files-2.17.so
7f8b7c9dc000-7f8b7c9e7000 r-xp 00000000 08:05 555339                     /lib/x86_64-linux-gnu/libnss_nis-2.17.so
7f8b7c9e7000-7f8b7cbe6000 ---p 0000b000 08:05 555339                     /lib/x86_64-linux-gnu/libnss_nis-2.17.so
7f8b7cbe6000-7f8b7cbe7000 r--p 0000a000 08:05 555339                     /lib/x86_64-linux-gnu/libnss_nis-2.17.so
7f8b7cbe7000-7f8b7cbe8000 rw-p 0000b000 08:05 555339                     /lib/x86_64-linux-gnu/libnss_nis-2.17.so
7f8b7cbe8000-7f8b7cbff000 r-xp 00000000 08:05 555327                     /lib/x86_64-linux-gnu/libnsl-2.17.so
7f8b7cbff000-7f8b7cdfe000 ---p 00017000 08:05 555327                     /lib/x86_64-linux-gnu/libnsl-2.17.so
7f8b7cdfe000-7f8b7cdff000 r--p 00016000 08:05 555327                     /lib/x86_64-linux-gnu/libnsl-2.17.so
7f8b7cdff000-7f8b7ce00000 rw-p 00017000 08:05 555327                     /lib/x86_64-linux-gnu/libnsl-2.17.so
7f8b7ce00000-7f8b7ce02000 rw-p 00000000 00:00 0 
7f8b7ce02000-7f8b7ce0a000 r-xp 00000000 08:05 555330                     /lib/x86_64-linux-gnu/libnss_compat-2.17.so
7f8b7ce0a000-7f8b7d009000 ---p 00008000 08:05 555330                     /lib/x86_64-linux-gnu/libnss_compat-2.17.so
7f8b7d009000-7f8b7d00a000 r--p 00007000 08:05 555330                     /lib/x86_64-linux-gnu/libnss_compat-2.17.so
7f8b7d00a000-7f8b7d00b000 rw-p 00008000 08:05 555330                     /lib/x86_64-linux-gnu/libnss_compat-2.17.so
7f8b7d00b000-7f8b7d034000 r-xp 00000000 08:05 2802058                    /usr/lib/jvm/java-7-oracle/jre/lib/amd64/libjava.so
7f8b7d034000-7f8b7d234000 ---p 00029000 08:05 2802058                    /usr/lib/jvm/java-7-oracle/jre/lib/amd64/libjava.so
7f8b7d234000-7f8b7d236000 rw-p 00029000 08:05 2802058                    /usr/lib/jvm/java-7-oracle/jre/lib/amd64/libjava.so
7f8b7d236000-7f8b7d243000 r-xp 00000000 08:05 2802048                    /usr/lib/jvm/java-7-oracle/jre/lib/amd64/libverify.so
7f8b7d243000-7f8b7d442000 ---p 0000d000 08:05 2802048                    /usr/lib/jvm/java-7-oracle/jre/lib/amd64/libverify.so
7f8b7d442000-7f8b7d444000 rw-p 0000c000 08:05 2802048                    /usr/lib/jvm/java-7-oracle/jre/lib/amd64/libverify.so
7f8b7d444000-7f8b7d44b000 r-xp 00000000 08:05 555342                     /lib/x86_64-linux-gnu/librt-2.17.so
7f8b7d44b000-7f8b7d64a000 ---p 00007000 08:05 555342                     /lib/x86_64-linux-gnu/librt-2.17.so
7f8b7d64a000-7f8b7d64b000 r--p 00006000 08:05 555342                     /lib/x86_64-linux-gnu/librt-2.17.so
7f8b7d64b000-7f8b7d64c000 rw-p 00007000 08:05 555342                     /lib/x86_64-linux-gnu/librt-2.17.so
7f8b7d64c000-7f8b7d74f000 r-xp 00000000 08:05 555333                     /lib/x86_64-linux-gnu/libm-2.17.so
7f8b7d74f000-7f8b7d94e000 ---p 00103000 08:05 555333                     /lib/x86_64-linux-gnu/libm-2.17.so
7f8b7d94e000-7f8b7d94f000 r--p 00102000 08:05 555333                     /lib/x86_64-linux-gnu/libm-2.17.so
7f8b7d94f000-7f8b7d950000 rw-p 00103000 08:05 555333                     /lib/x86_64-linux-gnu/libm-2.17.so
7f8b7d950000-7f8b7e4b2000 r-xp 00000000 08:05 2802098                    /usr/lib/jvm/java-7-oracle/jre/lib/amd64/server/libjvm.so
7f8b7e4b2000-7f8b7e6b2000 ---p 00b62000 08:05 2802098                    /usr/lib/jvm/java-7-oracle/jre/lib/amd64/server/libjvm.so
7f8b7e6b2000-7f8b7e775000 rw-p 00b62000 08:05 2802098                    /usr/lib/jvm/java-7-oracle/jre/lib/amd64/server/libjvm.so
7f8b7e775000-7f8b7e7b6000 rw-p 00000000 00:00 0 
7f8b7e7b6000-7f8b7e973000 r-xp 00000000 08:05 555347                     /lib/x86_64-linux-gnu/libc-2.17.so
7f8b7e973000-7f8b7eb73000 ---p 001bd000 08:05 555347                     /lib/x86_64-linux-gnu/libc-2.17.so
7f8b7eb73000-7f8b7eb77000 r--p 001bd000 08:05 555347                     /lib/x86_64-linux-gnu/libc-2.17.so
7f8b7eb77000-7f8b7eb79000 rw-p 001c1000 08:05 555347                     /lib/x86_64-linux-gnu/libc-2.17.so
7f8b7eb79000-7f8b7eb7e000 rw-p 00000000 00:00 0 
7f8b7eb7e000-7f8b7eb81000 r-xp 00000000 08:05 555348                     /lib/x86_64-linux-gnu/libdl-2.17.so
7f8b7eb81000-7f8b7ed80000 ---p 00003000 08:05 555348                     /lib/x86_64-linux-gnu/libdl-2.17.so
7f8b7ed80000-7f8b7ed81000 r--p 00002000 08:05 555348                     /lib/x86_64-linux-gnu/libdl-2.17.so
7f8b7ed81000-7f8b7ed82000 rw-p 00003000 08:05 555348                     /lib/x86_64-linux-gnu/libdl-2.17.so
7f8b7ed82000-7f8b7ed98000 r-xp 00000000 08:05 2831249                    /usr/lib/jvm/java-7-oracle/lib/amd64/jli/libjli.so
7f8b7ed98000-7f8b7ef98000 ---p 00016000 08:05 2831249                    /usr/lib/jvm/java-7-oracle/lib/amd64/jli/libjli.so
7f8b7ef98000-7f8b7ef99000 rw-p 00016000 08:05 2831249                    /usr/lib/jvm/java-7-oracle/lib/amd64/jli/libjli.so
7f8b7ef99000-7f8b7efb0000 r-xp 00000000 08:05 555349                     /lib/x86_64-linux-gnu/libpthread-2.17.so
7f8b7efb0000-7f8b7f1b0000 ---p 00017000 08:05 555349                     /lib/x86_64-linux-gnu/libpthread-2.17.so
7f8b7f1b0000-7f8b7f1b1000 r--p 00017000 08:05 555349                     /lib/x86_64-linux-gnu/libpthread-2.17.so
7f8b7f1b1000-7f8b7f1b2000 rw-p 00018000 08:05 555349                     /lib/x86_64-linux-gnu/libpthread-2.17.so
7f8b7f1b2000-7f8b7f1b6000 rw-p 00000000 00:00 0 
7f8b7f1b6000-7f8b7f1d9000 r-xp 00000000 08:05 555336                     /lib/x86_64-linux-gnu/ld-2.17.so
7f8b7f1e5000-7f8b7f1ef000 rw-p 00000000 00:00 0 
7f8b7f1ef000-7f8b7f2a5000 rw-p 00000000 00:00 0 
7f8b7f2a5000-7f8b7f2a8000 ---p 00000000 00:00 0 
7f8b7f2a8000-7f8b7f3aa000 rw-p 00000000 00:00 0                          [stack:22692]
7f8b7f3ab000-7f8b7f3cc000 rw-p 00000000 00:00 0 
7f8b7f3cc000-7f8b7f3d4000 rw-s 00000000 08:05 1326785                    /tmp/hsperfdata_yuechuan/22687
7f8b7f3d4000-7f8b7f3d5000 rw-p 00000000 00:00 0 
7f8b7f3d5000-7f8b7f3d6000 r--p 00000000 00:00 0 
7f8b7f3d6000-7f8b7f3d8000 rw-p 00000000 00:00 0 
7f8b7f3d8000-7f8b7f3d9000 r--p 00022000 08:05 555336                     /lib/x86_64-linux-gnu/ld-2.17.so
7f8b7f3d9000-7f8b7f3db000 rw-p 00023000 08:05 555336                     /lib/x86_64-linux-gnu/ld-2.17.so
7fff27ace000-7fff27aef000 rw-p 00000000 00:00 0                          [stack]
7fff27b1a000-7fff27b1c000 r-xp 00000000 00:00 0                          [vdso]
ffffffffff600000-ffffffffff601000 r-xp 00000000 00:00 0                  [vsyscall]

VM Arguments:
jvm_args: -Dfile.encoding=UTF-8 -Xbootclasspath:/home/yuechuan/Application/leJOS_NXJ_0.9.1beta-3/lib/nxt/classes.jar 
java_command: search.ObjectRecognization
Launcher Type: SUN_STANDARD

Environment Variables:
PATH=/usr/local/sbin:/usr/local/bin:/usr/sbin:/usr/bin:/sbin:/bin:/usr/games:/usr/local/games:/home/yuechuan/Application/leJOS_NXJ_0.9.1beta-3//bin:/opt/ros/hydro/bin
USERNAME=yuechuan
LD_LIBRARY_PATH=/home/yuechuan/Application/leJOS_NXJ_0.9.1beta-3//bin
SHELL=/bin/bash
DISPLAY=:0

Signal Handlers:
SIGSEGV: [libjvm.so+0x993870], sa_mask[0]=0x7ffbfeff, sa_flags=0x10000004
SIGBUS: [libjvm.so+0x993870], sa_mask[0]=0x7ffbfeff, sa_flags=0x10000004
SIGFPE: [libjvm.so+0x8105b0], sa_mask[0]=0x7ffbfeff, sa_flags=0x10000004
SIGPIPE: [libjvm.so+0x8105b0], sa_mask[0]=0x7ffbfeff, sa_flags=0x10000004
SIGXFSZ: [libjvm.so+0x8105b0], sa_mask[0]=0x7ffbfeff, sa_flags=0x10000004
SIGILL: [libjvm.so+0x8105b0], sa_mask[0]=0x7ffbfeff, sa_flags=0x10000004
SIGUSR1: SIG_DFL, sa_mask[0]=0x00000000, sa_flags=0x00000000
SIGUSR2: [libjvm.so+0x811aa0], sa_mask[0]=0x00000004, sa_flags=0x10000004
SIGHUP: SIG_DFL, sa_mask[0]=0x00000000, sa_flags=0x00000000
SIGINT: SIG_DFL, sa_mask[0]=0x00000000, sa_flags=0x00000000
SIGTERM: SIG_DFL, sa_mask[0]=0x00000000, sa_flags=0x00000000
SIGQUIT: SIG_DFL, sa_mask[0]=0x00000000, sa_flags=0x00000000


---------------  S Y S T E M  ---------------

OS:wheezy/sid

uname:Linux 3.11.0-17-generic #31-Ubuntu SMP Mon Feb 3 21:52:43 UTC 2014 x86_64
libc:glibc 2.17 NPTL 2.17 
rlimit: STACK 8192k, CORE 0k, NPROC 46880, NOFILE 4096, AS infinity
load average:0.21 0.46 1.27

/proc/meminfo:
MemTotal:        6020900 kB
MemFree:         1743544 kB
Buffers:          359804 kB
Cached:          1720224 kB
SwapCached:        18736 kB
Active:          2346108 kB
Inactive:        1571356 kB
Active(anon):    1748944 kB
Inactive(anon):   469104 kB
Active(file):     597164 kB
Inactive(file):  1102252 kB
Unevictable:         132 kB
Mlocked:             132 kB
SwapTotal:       1951740 kB
SwapFree:        1674788 kB
Dirty:               260 kB
Writeback:             0 kB
AnonPages:       1820540 kB
Mapped:           232024 kB
Shmem:            380612 kB
Slab:             234500 kB
SReclaimable:     196388 kB
SUnreclaim:        38112 kB
KernelStack:        4912 kB
PageTables:        44128 kB
NFS_Unstable:          0 kB
Bounce:                0 kB
WritebackTmp:          0 kB
CommitLimit:     4962188 kB
Committed_AS:    6284548 kB
VmallocTotal:   34359738367 kB
VmallocUsed:      354916 kB
VmallocChunk:   34359363964 kB
HardwareCorrupted:     0 kB
AnonHugePages:         0 kB
HugePages_Total:       0
HugePages_Free:        0
HugePages_Rsvd:        0
HugePages_Surp:        0
Hugepagesize:       2048 kB
DirectMap4k:       75872 kB
DirectMap2M:     6125568 kB


CPU:total 4 (2 cores per cpu, 2 threads per core) family 6 model 42 stepping 7, cmov, cx8, fxsr, mmx, sse, sse2, sse3, ssse3, sse4.1, sse4.2, popcnt, avx, aes, ht, tsc, tscinvbit

/proc/cpuinfo:
processor	: 0
vendor_id	: GenuineIntel
cpu family	: 6
model		: 42
model name	: Intel(R) Core(TM) i5-2410M CPU @ 2.30GHz
stepping	: 7
microcode	: 0x1a
cpu MHz		: 2301.000
cache size	: 3072 KB
physical id	: 0
siblings	: 4
core id		: 0
cpu cores	: 2
apicid		: 0
initial apicid	: 0
fpu		: yes
fpu_exception	: yes
cpuid level	: 13
wp		: yes
flags		: fpu vme de pse tsc msr pae mce cx8 apic sep mtrr pge mca cmov pat pse36 clflush dts acpi mmx fxsr sse sse2 ss ht tm pbe syscall nx rdtscp lm constant_tsc arch_perfmon pebs bts rep_good nopl xtopology nonstop_tsc aperfmperf eagerfpu pni pclmulqdq dtes64 monitor ds_cpl vmx est tm2 ssse3 cx16 xtpr pdcm pcid sse4_1 sse4_2 x2apic popcnt tsc_deadline_timer aes xsave avx lahf_lm ida arat epb xsaveopt pln pts dtherm tpr_shadow vnmi flexpriority ept vpid
bogomips	: 4589.92
clflush size	: 64
cache_alignment	: 64
address sizes	: 36 bits physical, 48 bits virtual
power management:

processor	: 1
vendor_id	: GenuineIntel
cpu family	: 6
model		: 42
model name	: Intel(R) Core(TM) i5-2410M CPU @ 2.30GHz
stepping	: 7
microcode	: 0x1a
cpu MHz		: 2301.000
cache size	: 3072 KB
physical id	: 0
siblings	: 4
core id		: 1
cpu cores	: 2
apicid		: 2
initial apicid	: 2
fpu		: yes
fpu_exception	: yes
cpuid level	: 13
wp		: yes
flags		: fpu vme de pse tsc msr pae mce cx8 apic sep mtrr pge mca cmov pat pse36 clflush dts acpi mmx fxsr sse sse2 ss ht tm pbe syscall nx rdtscp lm constant_tsc arch_perfmon pebs bts rep_good nopl xtopology nonstop_tsc aperfmperf eagerfpu pni pclmulqdq dtes64 monitor ds_cpl vmx est tm2 ssse3 cx16 xtpr pdcm pcid sse4_1 sse4_2 x2apic popcnt tsc_deadline_timer aes xsave avx lahf_lm ida arat epb xsaveopt pln pts dtherm tpr_shadow vnmi flexpriority ept vpid
bogomips	: 4589.92
clflush size	: 64
cache_alignment	: 64
address sizes	: 36 bits physical, 48 bits virtual
power management:

processor	: 2
vendor_id	: GenuineIntel
cpu family	: 6
model		: 42
model name	: Intel(R) Core(TM) i5-2410M CPU @ 2.30GHz
stepping	: 7
microcode	: 0x1a
cpu MHz		: 2301.000
cache size	: 3072 KB
physical id	: 0
siblings	: 4
core id		: 0
cpu cores	: 2
apicid		: 1
initial apicid	: 1
fpu		: yes
fpu_exception	: yes
cpuid level	: 13
wp		: yes
flags		: fpu vme de pse tsc msr pae mce cx8 apic sep mtrr pge mca cmov pat pse36 clflush dts acpi mmx fxsr sse sse2 ss ht tm pbe syscall nx rdtscp lm constant_tsc arch_perfmon pebs bts rep_good nopl xtopology nonstop_tsc aperfmperf eagerfpu pni pclmulqdq dtes64 monitor ds_cpl vmx est tm2 ssse3 cx16 xtpr pdcm pcid sse4_1 sse4_2 x2apic popcnt tsc_deadline_timer aes xsave avx lahf_lm ida arat epb xsaveopt pln pts dtherm tpr_shadow vnmi flexpriority ept vpid
bogomips	: 4589.92
clflush size	: 64
cache_alignment	: 64
address sizes	: 36 bits physical, 48 bits virtual
power management:

processor	: 3
vendor_id	: GenuineIntel
cpu family	: 6
model		: 42
model name	: Intel(R) Core(TM) i5-2410M CPU @ 2.30GHz
stepping	: 7
microcode	: 0x1a
cpu MHz		: 2301.000
cache size	: 3072 KB
physical id	: 0
siblings	: 4
core id		: 1
cpu cores	: 2
apicid		: 3
initial apicid	: 3
fpu		: yes
fpu_exception	: yes
cpuid level	: 13
wp		: yes
flags		: fpu vme de pse tsc msr pae mce cx8 apic sep mtrr pge mca cmov pat pse36 clflush dts acpi mmx fxsr sse sse2 ss ht tm pbe syscall nx rdtscp lm constant_tsc arch_perfmon pebs bts rep_good nopl xtopology nonstop_tsc aperfmperf eagerfpu pni pclmulqdq dtes64 monitor ds_cpl vmx est tm2 ssse3 cx16 xtpr pdcm pcid sse4_1 sse4_2 x2apic popcnt tsc_deadline_timer aes xsave avx lahf_lm ida arat epb xsaveopt pln pts dtherm tpr_shadow vnmi flexpriority ept vpid
bogomips	: 4589.92
clflush size	: 64
cache_alignment	: 64
address sizes	: 36 bits physical, 48 bits virtual
power management:



Memory: 4k page, physical 6020900k(1743544k free), swap 1951740k(1674788k free)

vm_info: Java HotSpot(TM) 64-Bit Server VM (24.51-b03) for linux-amd64 JRE (1.7.0_51-b13), built on Dec 18 2013 18:48:01 by "java_re" with gcc 4.3.0 20080428 (Red Hat 4.3.0-8)

time: Mon Mar 24 20:57:47 2014
elapsed time: 0 seconds

