#
# A fatal error has been detected by the Java Runtime Environment:
#
#  Internal Error (javaClasses.cpp:136), pid=22672, tid=140345384888064
#  fatal error: Invalid layout of preloaded class
#
# JRE version:  (7.0_51-b13) (build )
# Java VM: Java HotSpot(TM) 64-Bit Server VM (24.51-b03 mixed mode linux-amd64 compressed oops)
# Failed to write core dump. Core dumps have been disabled. To enable core dumping, try "ulimit -c unlimited" before starting Java again
#
# If you would like to submit a bug report, please visit:
#   http://bugreport.sun.com/bugreport/crash.jsp
#

---------------  T H R E A D  ---------------

Current thread (0x00007fa4ac009800):  JavaThread "Unknown thread" [_thread_in_vm, id=22674, stack(0x00007fa4b4bfe000,0x00007fa4b4cff000)]

Stack: [0x00007fa4b4bfe000,0x00007fa4b4cff000],  sp=0x00007fa4b4cfd780,  free space=1021k
Native frames: (J=compiled Java code, j=interpreted, Vv=VM code, C=native code)
V  [libjvm.so+0x992f4a]  VMError::report_and_die()+0x2ea
V  [libjvm.so+0x493569]  report_fatal(char const*, int, char const*)+0x59
V  [libjvm.so+0x5fdce0]  compute_offset(int&, klassOopDesc*, Symbol*, Symbol*, bool)+0x140
V  [libjvm.so+0x5fe7f9]  java_lang_String::compute_offsets()+0x39
V  [libjvm.so+0x9191c5]  SystemDictionary::initialize_preloaded_classes(Thread*)+0x1a5
V  [libjvm.so+0x967f04]  Universe::genesis(Thread*)+0x494
V  [libjvm.so+0x9683b9]  universe2_init()+0x29
V  [libjvm.so+0x5a967d]  init_globals()+0xbd
V  [libjvm.so+0x94ef8d]  Threads::create_vm(JavaVMInitArgs*, bool*)+0x1ed
V  [libjvm.so+0x6307e4]  JNI_CreateJavaVM+0x74
C  [libjli.so+0x2f8e]  JavaMain+0x9e


---------------  P R O C E S S  ---------------

Java Threads: ( => current thread )

Other Threads:

=>0x00007fa4ac009800 (exited) JavaThread "Unknown thread" [_thread_in_vm, id=22674, stack(0x00007fa4b4bfe000,0x00007fa4b4cff000)]

VM state:not at safepoint (not fully initialized)

VM Mutex/Monitor currently owned by a thread: None

GC Heap History (0 events):
No events

Deoptimization events (0 events):
No events

Internal exceptions (0 events):
No events

Events (10 events):
Event: 0.005 loading class 0x00007fa4b12620d0
Event: 0.005 loading class 0x00007fa4b12620d0 done
Event: 0.005 loading class 0x00007fa4b1262110
Event: 0.005 loading class 0x00007fa4b12626f0
Event: 0.005 loading class 0x00007fa4b12626f0 done
Event: 0.005 loading class 0x00007fa4b1268e10
Event: 0.005 loading class 0x00007fa4b1268e10 done
Event: 0.005 loading class 0x00007fa4b1262110 done
Event: 0.005 loading class 0x00007fa4b12620f0
Event: 0.006 loading class 0x00007fa4b12620f0 done


Dynamic libraries:
00400000-00401000 r-xp 00000000 08:05 2774365                            /usr/lib/jvm/java-7-oracle/bin/java
00600000-00601000 rw-p 00000000 08:05 2774365                            /usr/lib/jvm/java-7-oracle/bin/java
01e95000-01eb6000 rw-p 00000000 00:00 0                                  [heap]
9f000000-a0500000 rw-p 00000000 00:00 0 
a0500000-a4200000 rw-p 00000000 00:00 0 
a4200000-a7f00000 rw-p 00000000 00:00 0 
a7f00000-e1600000 rw-p 00000000 00:00 0 
e1600000-e3500000 rw-p 00000000 00:00 0 
e3500000-100000000 rw-p 00000000 00:00 0 
7fa494000000-7fa494021000 rw-p 00000000 00:00 0 
7fa494021000-7fa498000000 ---p 00000000 00:00 0 
7fa498000000-7fa498021000 rw-p 00000000 00:00 0 
7fa498021000-7fa49c000000 ---p 00000000 00:00 0 
7fa49c000000-7fa49c021000 rw-p 00000000 00:00 0 
7fa49c021000-7fa4a0000000 ---p 00000000 00:00 0 
7fa4a0f80000-7fa4a4000000 rw-p 00000000 00:00 0 
7fa4a4000000-7fa4a4021000 rw-p 00000000 00:00 0 
7fa4a4021000-7fa4a8000000 ---p 00000000 00:00 0 
7fa4a9000000-7fa4a9270000 rwxp 00000000 00:00 0 
7fa4a9270000-7fa4ac053000 rw-p 00000000 00:00 0 
7fa4ac053000-7fa4b0000000 ---p 00000000 00:00 0 
7fa4b0f97000-7fa4b11dc000 rw-p 00000000 00:00 0 
7fa4b11dc000-7fa4b11ec000 r--s 000bf000 08:05 2098413                    /home/yuechuan/Application/leJOS_NXJ_0.9.1beta-3/lib/nxt/classes.jar
7fa4b11ec000-7fa4b15ed000 rw-p 00000000 00:00 0 
7fa4b15ed000-7fa4b15ee000 ---p 00000000 00:00 0 
7fa4b15ee000-7fa4b16ee000 rw-p 00000000 00:00 0                          [stack:22678]
7fa4b16ee000-7fa4b16ef000 ---p 00000000 00:00 0 
7fa4b16ef000-7fa4b17ef000 rw-p 00000000 00:00 0                          [stack:22677]
7fa4b17ef000-7fa4b17f0000 ---p 00000000 00:00 0 
7fa4b17f0000-7fa4b18f0000 rw-p 00000000 00:00 0                          [stack:22676]
7fa4b18f0000-7fa4b18f1000 ---p 00000000 00:00 0 
7fa4b18f1000-7fa4b19fc000 rw-p 00000000 00:00 0                          [stack:22675]
7fa4b19fc000-7fa4b1a1a000 rw-p 00000000 00:00 0 
7fa4b1a1a000-7fa4b1a39000 rw-p 00000000 00:00 0 
7fa4b1a39000-7fa4b1c04000 rw-p 00000000 00:00 0 
7fa4b1c04000-7fa4b1c0f000 rw-p 00000000 00:00 0 
7fa4b1c0f000-7fa4b1c2d000 rw-p 00000000 00:00 0 
7fa4b1c2d000-7fa4b1c4c000 rw-p 00000000 00:00 0 
7fa4b1c4c000-7fa4b1e17000 rw-p 00000000 00:00 0 
7fa4b1e17000-7fa4b1e27000 rw-p 00000000 00:00 0 
7fa4b1e27000-7fa4b1f0c000 rw-p 00000000 00:00 0 
7fa4b1f0c000-7fa4b1f0d000 rw-p 00000000 00:00 0 
7fa4b1f0d000-7fa4b1f27000 r-xp 00000000 08:05 2802050                    /usr/lib/jvm/java-7-oracle/jre/lib/amd64/libzip.so
7fa4b1f27000-7fa4b2127000 ---p 0001a000 08:05 2802050                    /usr/lib/jvm/java-7-oracle/jre/lib/amd64/libzip.so
7fa4b2127000-7fa4b2128000 rw-p 0001a000 08:05 2802050                    /usr/lib/jvm/java-7-oracle/jre/lib/amd64/libzip.so
7fa4b2128000-7fa4b2134000 r-xp 00000000 08:05 555341                     /lib/x86_64-linux-gnu/libnss_files-2.17.so
7fa4b2134000-7fa4b2333000 ---p 0000c000 08:05 555341                     /lib/x86_64-linux-gnu/libnss_files-2.17.so
7fa4b2333000-7fa4b2334000 r--p 0000b000 08:05 555341                     /lib/x86_64-linux-gnu/libnss_files-2.17.so
7fa4b2334000-7fa4b2335000 rw-p 0000c000 08:05 555341                     /lib/x86_64-linux-gnu/libnss_files-2.17.so
7fa4b2335000-7fa4b2340000 r-xp 00000000 08:05 555339                     /lib/x86_64-linux-gnu/libnss_nis-2.17.so
7fa4b2340000-7fa4b253f000 ---p 0000b000 08:05 555339                     /lib/x86_64-linux-gnu/libnss_nis-2.17.so
7fa4b253f000-7fa4b2540000 r--p 0000a000 08:05 555339                     /lib/x86_64-linux-gnu/libnss_nis-2.17.so
7fa4b2540000-7fa4b2541000 rw-p 0000b000 08:05 555339                     /lib/x86_64-linux-gnu/libnss_nis-2.17.so
7fa4b2541000-7fa4b2558000 r-xp 00000000 08:05 555327                     /lib/x86_64-linux-gnu/libnsl-2.17.so
7fa4b2558000-7fa4b2757000 ---p 00017000 08:05 555327                     /lib/x86_64-linux-gnu/libnsl-2.17.so
7fa4b2757000-7fa4b2758000 r--p 00016000 08:05 555327                     /lib/x86_64-linux-gnu/libnsl-2.17.so
7fa4b2758000-7fa4b2759000 rw-p 00017000 08:05 555327                     /lib/x86_64-linux-gnu/libnsl-2.17.so
7fa4b2759000-7fa4b275b000 rw-p 00000000 00:00 0 
7fa4b275b000-7fa4b2763000 r-xp 00000000 08:05 555330                     /lib/x86_64-linux-gnu/libnss_compat-2.17.so
7fa4b2763000-7fa4b2962000 ---p 00008000 08:05 555330                     /lib/x86_64-linux-gnu/libnss_compat-2.17.so
7fa4b2962000-7fa4b2963000 r--p 00007000 08:05 555330                     /lib/x86_64-linux-gnu/libnss_compat-2.17.so
7fa4b2963000-7fa4b2964000 rw-p 00008000 08:05 555330                     /lib/x86_64-linux-gnu/libnss_compat-2.17.so
7fa4b2964000-7fa4b298d000 r-xp 00000000 08:05 2802058                    /usr/lib/jvm/java-7-oracle/jre/lib/amd64/libjava.so
7fa4b298d000-7fa4b2b8d000 ---p 00029000 08:05 2802058                    /usr/lib/jvm/java-7-oracle/jre/lib/amd64/libjava.so
7fa4b2b8d000-7fa4b2b8f000 rw-p 00029000 08:05 2802058                    /usr/lib/jvm/java-7-oracle/jre/lib/amd64/libjava.so
7fa4b2b8f000-7fa4b2b9c000 r-xp 00000000 08:05 2802048                    /usr/lib/jvm/java-7-oracle/jre/lib/amd64/libverify.so
7fa4b2b9c000-7fa4b2d9b000 ---p 0000d000 08:05 2802048                    /usr/lib/jvm/java-7-oracle/jre/lib/amd64/libverify.so
7fa4b2d9b000-7fa4b2d9d000 rw-p 0000c000 08:05 2802048                    /usr/lib/jvm/java-7-oracle/jre/lib/amd64/libverify.so
7fa4b2d9d000-7fa4b2da4000 r-xp 00000000 08:05 555342                     /lib/x86_64-linux-gnu/librt-2.17.so
7fa4b2da4000-7fa4b2fa3000 ---p 00007000 08:05 555342                     /lib/x86_64-linux-gnu/librt-2.17.so
7fa4b2fa3000-7fa4b2fa4000 r--p 00006000 08:05 555342                     /lib/x86_64-linux-gnu/librt-2.17.so
7fa4b2fa4000-7fa4b2fa5000 rw-p 00007000 08:05 555342                     /lib/x86_64-linux-gnu/librt-2.17.so
7fa4b2fa5000-7fa4b30a8000 r-xp 00000000 08:05 555333                     /lib/x86_64-linux-gnu/libm-2.17.so
7fa4b30a8000-7fa4b32a7000 ---p 00103000 08:05 555333                     /lib/x86_64-linux-gnu/libm-2.17.so
7fa4b32a7000-7fa4b32a8000 r--p 00102000 08:05 555333                     /lib/x86_64-linux-gnu/libm-2.17.so
7fa4b32a8000-7fa4b32a9000 rw-p 00103000 08:05 555333                     /lib/x86_64-linux-gnu/libm-2.17.so
7fa4b32a9000-7fa4b3e0b000 r-xp 00000000 08:05 2802098                    /usr/lib/jvm/java-7-oracle/jre/lib/amd64/server/libjvm.so
7fa4b3e0b000-7fa4b400b000 ---p 00b62000 08:05 2802098                    /usr/lib/jvm/java-7-oracle/jre/lib/amd64/server/libjvm.so
7fa4b400b000-7fa4b40ce000 rw-p 00b62000 08:05 2802098                    /usr/lib/jvm/java-7-oracle/jre/lib/amd64/server/libjvm.so
7fa4b40ce000-7fa4b410f000 rw-p 00000000 00:00 0 
7fa4b410f000-7fa4b42cc000 r-xp 00000000 08:05 555347                     /lib/x86_64-linux-gnu/libc-2.17.so
7fa4b42cc000-7fa4b44cc000 ---p 001bd000 08:05 555347                     /lib/x86_64-linux-gnu/libc-2.17.so
7fa4b44cc000-7fa4b44d0000 r--p 001bd000 08:05 555347                     /lib/x86_64-linux-gnu/libc-2.17.so
7fa4b44d0000-7fa4b44d2000 rw-p 001c1000 08:05 555347                     /lib/x86_64-linux-gnu/libc-2.17.so
7fa4b44d2000-7fa4b44d7000 rw-p 00000000 00:00 0 
7fa4b44d7000-7fa4b44da000 r-xp 00000000 08:05 555348                     /lib/x86_64-linux-gnu/libdl-2.17.so
7fa4b44da000-7fa4b46d9000 ---p 00003000 08:05 555348                     /lib/x86_64-linux-gnu/libdl-2.17.so
7fa4b46d9000-7fa4b46da000 r--p 00002000 08:05 555348                     /lib/x86_64-linux-gnu/libdl-2.17.so
7fa4b46da000-7fa4b46db000 rw-p 00003000 08:05 555348                     /lib/x86_64-linux-gnu/libdl-2.17.so
7fa4b46db000-7fa4b46f1000 r-xp 00000000 08:05 2831249                    /usr/lib/jvm/java-7-oracle/lib/amd64/jli/libjli.so
7fa4b46f1000-7fa4b48f1000 ---p 00016000 08:05 2831249                    /usr/lib/jvm/java-7-oracle/lib/amd64/jli/libjli.so
7fa4b48f1000-7fa4b48f2000 rw-p 00016000 08:05 2831249                    /usr/lib/jvm/java-7-oracle/lib/amd64/jli/libjli.so
7fa4b48f2000-7fa4b4909000 r-xp 00000000 08:05 555349                     /lib/x86_64-linux-gnu/libpthread-2.17.so
7fa4b4909000-7fa4b4b09000 ---p 00017000 08:05 555349                     /lib/x86_64-linux-gnu/libpthread-2.17.so
7fa4b4b09000-7fa4b4b0a000 r--p 00017000 08:05 555349                     /lib/x86_64-linux-gnu/libpthread-2.17.so
7fa4b4b0a000-7fa4b4b0b000 rw-p 00018000 08:05 555349                     /lib/x86_64-linux-gnu/libpthread-2.17.so
7fa4b4b0b000-7fa4b4b0f000 rw-p 00000000 00:00 0 
7fa4b4b0f000-7fa4b4b32000 r-xp 00000000 08:05 555336                     /lib/x86_64-linux-gnu/ld-2.17.so
7fa4b4b3e000-7fa4b4b48000 rw-p 00000000 00:00 0 
7fa4b4b48000-7fa4b4bfe000 rw-p 00000000 00:00 0 
7fa4b4bfe000-7fa4b4c01000 ---p 00000000 00:00 0 
7fa4b4c01000-7fa4b4d03000 rw-p 00000000 00:00 0                          [stack:22674]
7fa4b4d04000-7fa4b4d25000 rw-p 00000000 00:00 0 
7fa4b4d25000-7fa4b4d2d000 rw-s 00000000 08:05 1326785                    /tmp/hsperfdata_yuechuan/22672
7fa4b4d2d000-7fa4b4d2e000 rw-p 00000000 00:00 0 
7fa4b4d2e000-7fa4b4d2f000 r--p 00000000 00:00 0 
7fa4b4d2f000-7fa4b4d31000 rw-p 00000000 00:00 0 
7fa4b4d31000-7fa4b4d32000 r--p 00022000 08:05 555336                     /lib/x86_64-linux-gnu/ld-2.17.so
7fa4b4d32000-7fa4b4d34000 rw-p 00023000 08:05 555336                     /lib/x86_64-linux-gnu/ld-2.17.so
7fff144c6000-7fff144e7000 rw-p 00000000 00:00 0                          [stack]
7fff145b0000-7fff145b2000 r-xp 00000000 00:00 0                          [vdso]
ffffffffff600000-ffffffffff601000 r-xp 00000000 00:00 0                  [vsyscall]

VM Arguments:
jvm_args: -Dfile.encoding=UTF-8 -Xbootclasspath:/home/yuechuan/Application/leJOS_NXJ_0.9.1beta-3/lib/nxt/classes.jar 
java_command: search.ObjectRecognization
Launcher Type: SUN_STANDARD

Environment Variables:
PATH=/usr/local/sbin:/usr/local/bin:/usr/sbin:/usr/bin:/sbin:/bin:/usr/games:/usr/local/games:/home/yuechuan/Application/leJOS_NXJ_0.9.1beta-3//bin:/opt/ros/hydro/bin
USERNAME=yuechuan
LD_LIBRARY_PATH=/home/yuechuan/Application/leJOS_NXJ_0.9.1beta-3//bin
SHELL=/bin/bash
DISPLAY=:0

Signal Handlers:
SIGSEGV: [libjvm.so+0x993870], sa_mask[0]=0x7ffbfeff, sa_flags=0x10000004
SIGBUS: [libjvm.so+0x993870], sa_mask[0]=0x7ffbfeff, sa_flags=0x10000004
SIGFPE: [libjvm.so+0x8105b0], sa_mask[0]=0x7ffbfeff, sa_flags=0x10000004
SIGPIPE: [libjvm.so+0x8105b0], sa_mask[0]=0x7ffbfeff, sa_flags=0x10000004
SIGXFSZ: [libjvm.so+0x8105b0], sa_mask[0]=0x7ffbfeff, sa_flags=0x10000004
SIGILL: [libjvm.so+0x8105b0], sa_mask[0]=0x7ffbfeff, sa_flags=0x10000004
SIGUSR1: SIG_DFL, sa_mask[0]=0x00000000, sa_flags=0x00000000
SIGUSR2: [libjvm.so+0x811aa0], sa_mask[0]=0x00000004, sa_flags=0x10000004
SIGHUP: SIG_DFL, sa_mask[0]=0x00000000, sa_flags=0x00000000
SIGINT: SIG_DFL, sa_mask[0]=0x00000000, sa_flags=0x00000000
SIGTERM: SIG_DFL, sa_mask[0]=0x00000000, sa_flags=0x00000000
SIGQUIT: SIG_DFL, sa_mask[0]=0x00000000, sa_flags=0x00000000


---------------  S Y S T E M  ---------------

OS:wheezy/sid

uname:Linux 3.11.0-17-generic #31-Ubuntu SMP Mon Feb 3 21:52:43 UTC 2014 x86_64
libc:glibc 2.17 NPTL 2.17 
rlimit: STACK 8192k, CORE 0k, NPROC 46880, NOFILE 4096, AS infinity
load average:0.25 0.47 1.28

/proc/meminfo:
MemTotal:        6020900 kB
MemFree:         1779208 kB
Buffers:          359592 kB
Cached:          1690012 kB
SwapCached:        18736 kB
Active:          2340380 kB
Inactive:        1541588 kB
Active(anon):    1743864 kB
Inactive(anon):   439396 kB
Active(file):     596516 kB
Inactive(file):  1102192 kB
Unevictable:         132 kB
Mlocked:             132 kB
SwapTotal:       1951740 kB
SwapFree:        1674788 kB
Dirty:                80 kB
Writeback:             0 kB
AnonPages:       1815904 kB
Mapped:           231412 kB
Shmem:            350888 kB
Slab:             234408 kB
SReclaimable:     196296 kB
SUnreclaim:        38112 kB
KernelStack:        4896 kB
PageTables:        44108 kB
NFS_Unstable:          0 kB
Bounce:                0 kB
WritebackTmp:          0 kB
CommitLimit:     4962188 kB
Committed_AS:    6262592 kB
VmallocTotal:   34359738367 kB
VmallocUsed:      354916 kB
VmallocChunk:   34359363964 kB
HardwareCorrupted:     0 kB
AnonHugePages:         0 kB
HugePages_Total:       0
HugePages_Free:        0
HugePages_Rsvd:        0
HugePages_Surp:        0
Hugepagesize:       2048 kB
DirectMap4k:       75872 kB
DirectMap2M:     6125568 kB


CPU:total 4 (2 cores per cpu, 2 threads per core) family 6 model 42 stepping 7, cmov, cx8, fxsr, mmx, sse, sse2, sse3, ssse3, sse4.1, sse4.2, popcnt, avx, aes, ht, tsc, tscinvbit

/proc/cpuinfo:
processor	: 0
vendor_id	: GenuineIntel
cpu family	: 6
model		: 42
model name	: Intel(R) Core(TM) i5-2410M CPU @ 2.30GHz
stepping	: 7
microcode	: 0x1a
cpu MHz		: 2301.000
cache size	: 3072 KB
physical id	: 0
siblings	: 4
core id		: 0
cpu cores	: 2
apicid		: 0
initial apicid	: 0
fpu		: yes
fpu_exception	: yes
cpuid level	: 13
wp		: yes
flags		: fpu vme de pse tsc msr pae mce cx8 apic sep mtrr pge mca cmov pat pse36 clflush dts acpi mmx fxsr sse sse2 ss ht tm pbe syscall nx rdtscp lm constant_tsc arch_perfmon pebs bts rep_good nopl xtopology nonstop_tsc aperfmperf eagerfpu pni pclmulqdq dtes64 monitor ds_cpl vmx est tm2 ssse3 cx16 xtpr pdcm pcid sse4_1 sse4_2 x2apic popcnt tsc_deadline_timer aes xsave avx lahf_lm ida arat epb xsaveopt pln pts dtherm tpr_shadow vnmi flexpriority ept vpid
bogomips	: 4589.92
clflush size	: 64
cache_alignment	: 64
address sizes	: 36 bits physical, 48 bits virtual
power management:

processor	: 1
vendor_id	: GenuineIntel
cpu family	: 6
model		: 42
model name	: Intel(R) Core(TM) i5-2410M CPU @ 2.30GHz
stepping	: 7
microcode	: 0x1a
cpu MHz		: 2301.000
cache size	: 3072 KB
physical id	: 0
siblings	: 4
core id		: 1
cpu cores	: 2
apicid		: 2
initial apicid	: 2
fpu		: yes
fpu_exception	: yes
cpuid level	: 13
wp		: yes
flags		: fpu vme de pse tsc msr pae mce cx8 apic sep mtrr pge mca cmov pat pse36 clflush dts acpi mmx fxsr sse sse2 ss ht tm pbe syscall nx rdtscp lm constant_tsc arch_perfmon pebs bts rep_good nopl xtopology nonstop_tsc aperfmperf eagerfpu pni pclmulqdq dtes64 monitor ds_cpl vmx est tm2 ssse3 cx16 xtpr pdcm pcid sse4_1 sse4_2 x2apic popcnt tsc_deadline_timer aes xsave avx lahf_lm ida arat epb xsaveopt pln pts dtherm tpr_shadow vnmi flexpriority ept vpid
bogomips	: 4589.92
clflush size	: 64
cache_alignment	: 64
address sizes	: 36 bits physical, 48 bits virtual
power management:

processor	: 2
vendor_id	: GenuineIntel
cpu family	: 6
model		: 42
model name	: Intel(R) Core(TM) i5-2410M CPU @ 2.30GHz
stepping	: 7
microcode	: 0x1a
cpu MHz		: 2301.000
cache size	: 3072 KB
physical id	: 0
siblings	: 4
core id		: 0
cpu cores	: 2
apicid		: 1
initial apicid	: 1
fpu		: yes
fpu_exception	: yes
cpuid level	: 13
wp		: yes
flags		: fpu vme de pse tsc msr pae mce cx8 apic sep mtrr pge mca cmov pat pse36 clflush dts acpi mmx fxsr sse sse2 ss ht tm pbe syscall nx rdtscp lm constant_tsc arch_perfmon pebs bts rep_good nopl xtopology nonstop_tsc aperfmperf eagerfpu pni pclmulqdq dtes64 monitor ds_cpl vmx est tm2 ssse3 cx16 xtpr pdcm pcid sse4_1 sse4_2 x2apic popcnt tsc_deadline_timer aes xsave avx lahf_lm ida arat epb xsaveopt pln pts dtherm tpr_shadow vnmi flexpriority ept vpid
bogomips	: 4589.92
clflush size	: 64
cache_alignment	: 64
address sizes	: 36 bits physical, 48 bits virtual
power management:

processor	: 3
vendor_id	: GenuineIntel
cpu family	: 6
model		: 42
model name	: Intel(R) Core(TM) i5-2410M CPU @ 2.30GHz
stepping	: 7
microcode	: 0x1a
cpu MHz		: 2301.000
cache size	: 3072 KB
physical id	: 0
siblings	: 4
core id		: 1
cpu cores	: 2
apicid		: 3
initial apicid	: 3
fpu		: yes
fpu_exception	: yes
cpuid level	: 13
wp		: yes
flags		: fpu vme de pse tsc msr pae mce cx8 apic sep mtrr pge mca cmov pat pse36 clflush dts acpi mmx fxsr sse sse2 ss ht tm pbe syscall nx rdtscp lm constant_tsc arch_perfmon pebs bts rep_good nopl xtopology nonstop_tsc aperfmperf eagerfpu pni pclmulqdq dtes64 monitor ds_cpl vmx est tm2 ssse3 cx16 xtpr pdcm pcid sse4_1 sse4_2 x2apic popcnt tsc_deadline_timer aes xsave avx lahf_lm ida arat epb xsaveopt pln pts dtherm tpr_shadow vnmi flexpriority ept vpid
bogomips	: 4589.92
clflush size	: 64
cache_alignment	: 64
address sizes	: 36 bits physical, 48 bits virtual
power management:



Memory: 4k page, physical 6020900k(1779208k free), swap 1951740k(1674788k free)

vm_info: Java HotSpot(TM) 64-Bit Server VM (24.51-b03) for linux-amd64 JRE (1.7.0_51-b13), built on Dec 18 2013 18:48:01 by "java_re" with gcc 4.3.0 20080428 (Red Hat 4.3.0-8)

time: Mon Mar 24 20:57:35 2014
elapsed time: 0 seconds

